#
# There is insufficient memory for the Java Runtime Environment to continue.
# Native memory allocation (malloc) failed to allocate 1073456 bytes for Chunk::new
# Possible reasons:
#   The system is out of physical RAM or swap space
#   The process is running with CompressedOops enabled, and the Java Heap may be blocking the growth of the native heap
# Possible solutions:
#   Reduce memory load on the system
#   Increase physical memory or swap space
#   Check if swap backing store is full
#   Decrease Java heap size (-Xmx/-Xms)
#   Decrease number of Java threads
#   Decrease Java thread stack sizes (-Xss)
#   Set larger code cache with -XX:ReservedCodeCacheSize=
#   JVM is running with Unscaled Compressed Oops mode in which the Java heap is
#     placed in the first 4GB address space. The Java Heap base address is the
#     maximum limit for the native heap growth. Please use -XX:HeapBaseMinAddress
#     to set the Java Heap base and to place the Java Heap above 4GB virtual address.
# This output file may be truncated or incomplete.
#
#  Out of Memory Error (allocation.cpp:389), pid=2640, tid=0x0000000000002140
#
# JRE version: OpenJDK Runtime Environment (8.0_212-b04) (build 1.8.0_212-release-1586-b04)
# Java VM: OpenJDK 64-Bit Server VM (25.212-b04 mixed mode windows-amd64 compressed oops)
# Failed to write core dump. Minidumps are not enabled by default on client versions of Windows
#

---------------  T H R E A D  ---------------

Current thread (0x0000000016819000):  JavaThread "C2 CompilerThread1" daemon [_thread_in_native, id=8512, stack(0x0000000017f70000,0x0000000018070000)]

Stack: [0x0000000017f70000,0x0000000018070000]
[error occurred during error reporting (printing stack bounds), id 0xc0000005]

Native frames: (J=compiled Java code, j=interpreted, Vv=VM code, C=native code)


Current CompileTask:
C2:   7610 3715       4       org.objectweb.asm.Frame::execute (2318 bytes)


---------------  P R O C E S S  ---------------

Java Threads: ( => current thread )
  0x000000001ce3b800 JavaThread "Cache worker for Build Output Cleanup Cache (C:\Users\Alex\ToDoproject\ToDoproject\.gradle\buildOutputCleanup)" [_thread_blocked, id=4868, stack(0x0000000021160000,0x0000000021260000)]
  0x000000001ce40000 JavaThread "Build operations Thread 4" [_thread_blocked, id=1552, stack(0x0000000020e60000,0x0000000020f60000)]
  0x000000001ce3f000 JavaThread "Build operations Thread 3" [_thread_blocked, id=380, stack(0x0000000020d60000,0x0000000020e60000)]
  0x000000001ce3d000 JavaThread "Build operations Thread 2" [_thread_blocked, id=3416, stack(0x0000000020c60000,0x0000000020d60000)]
  0x000000001ce3e800 JavaThread "Build operations" [_thread_blocked, id=7904, stack(0x0000000020910000,0x0000000020a10000)]
  0x000000001ce3d800 JavaThread "Cache worker for execution history cache (C:\Users\Alex\.gradle\caches\5.6.4\executionHistory)" [_thread_blocked, id=6252, stack(0x000000001f840000,0x000000001f940000)]
  0x000000001a2ce800 JavaThread "Cache worker for cache directory md-rule (C:\Users\Alex\.gradle\caches\5.6.4\md-rule)" [_thread_blocked, id=8644, stack(0x000000001f740000,0x000000001f840000)]
  0x000000001a2cd800 JavaThread "Cache worker for cache directory md-supplier (C:\Users\Alex\.gradle\caches\5.6.4\md-supplier)" [_thread_blocked, id=6968, stack(0x000000001f440000,0x000000001f540000)]
  0x000000001a2cd000 JavaThread "Cache worker for file hash cache (C:\Users\Alex\ToDoproject\ToDoproject\.gradle\5.6.4\fileHashes)" [_thread_blocked, id=6024, stack(0x000000001e940000,0x000000001ea40000)]
  0x000000001a2d0000 JavaThread "Cache worker for journal cache (C:\Users\Alex\.gradle\caches\journal-1)" [_thread_blocked, id=328, stack(0x000000001c3a0000,0x000000001c4a0000)]
  0x000000001a2cf000 JavaThread "File lock request listener" [_thread_in_native, id=6836, stack(0x000000001c2a0000,0x000000001c3a0000)]
  0x000000001a2a8000 JavaThread "Cache worker for file hash cache (C:\Users\Alex\.gradle\caches\5.6.4\fileHashes)" [_thread_blocked, id=2056, stack(0x000000001c1a0000,0x000000001c2a0000)]
  0x000000001a251800 JavaThread "Thread-9" [_thread_blocked, id=3668, stack(0x000000001c0a0000,0x000000001c1a0000)]
  0x000000001a250800 JavaThread "Stdin handler" [_thread_blocked, id=5244, stack(0x000000001bfa0000,0x000000001c0a0000)]
  0x000000001a253000 JavaThread "Asynchronous log dispatcher for DefaultDaemonConnection: socket connection from /127.0.0.1:50434 to /127.0.0.1:50435" [_thread_blocked, id=7580, stack(0x000000001bea0000,0x000000001bfa0000)]
  0x000000001a17d800 JavaThread "Daemon worker" [_thread_in_native, id=7464, stack(0x000000001bda0000,0x000000001bea0000)]
  0x000000001a192000 JavaThread "Cancel handler" [_thread_blocked, id=9012, stack(0x000000001bca0000,0x000000001bda0000)]
  0x000000001a157000 JavaThread "Handler for socket connection from /127.0.0.1:50434 to /127.0.0.1:50435" [_thread_in_native, id=5644, stack(0x000000001b9a0000,0x000000001baa0000)]
  0x000000001a151800 JavaThread "Daemon" [_thread_blocked, id=8888, stack(0x000000001b8a0000,0x000000001b9a0000)]
  0x000000001a1fe800 JavaThread "Daemon periodic checks" [_thread_blocked, id=3576, stack(0x000000001b7a0000,0x000000001b8a0000)]
  0x000000001a1af800 JavaThread "Incoming local TCP Connector on port 50434" [_thread_in_native, id=5824, stack(0x000000001b550000,0x000000001b650000)]
  0x0000000018274800 JavaThread "Daemon health stats" [_thread_blocked, id=7300, stack(0x000000001af10000,0x000000001b010000)]
  0x00000000180a1000 JavaThread "Service Thread" daemon [_thread_blocked, id=7496, stack(0x0000000018570000,0x0000000018670000)]
  0x0000000018078800 JavaThread "C1 CompilerThread2" daemon [_thread_blocked, id=8232, stack(0x0000000018470000,0x0000000018570000)]
=>0x0000000016819000 JavaThread "C2 CompilerThread1" daemon [_thread_in_native, id=8512, stack(0x0000000017f70000,0x0000000018070000)]
  0x0000000016812000 JavaThread "C2 CompilerThread0" daemon [_thread_in_native, id=6800, stack(0x0000000017e70000,0x0000000017f70000)]
  0x0000000016810800 JavaThread "Attach Listener" daemon [_thread_blocked, id=5304, stack(0x0000000017d70000,0x0000000017e70000)]
  0x0000000016816800 JavaThread "Signal Dispatcher" daemon [_thread_blocked, id=6568, stack(0x0000000017c70000,0x0000000017d70000)]
  0x0000000002e9a800 JavaThread "Finalizer" daemon [_thread_blocked, id=6168, stack(0x0000000017a70000,0x0000000017b70000)]
  0x00000000167f9000 JavaThread "Reference Handler" daemon [_thread_blocked, id=4860, stack(0x0000000017970000,0x0000000017a70000)]
  0x0000000002c8d800 JavaThread "main" [_thread_blocked, id=3124, stack(0x0000000002c90000,0x0000000002d90000)]

Other Threads:
  0x00000000167d6800 VMThread [stack: 0x0000000017870000,0x0000000017970000] [id=6120]
  0x00000000180a1800 WatcherThread [stack: 0x0000000018670000,0x0000000018770000] [id=7292]

VM state:not at safepoint (normal execution)

VM Mutex/Monitor currently owned by a thread: None

heap address: 0x00000000a0000000, size: 1536 MB, Compressed Oops mode: 32-bit
Narrow klass base: 0x0000000000000000, Narrow klass shift: 3
Compressed class space size: 1073741824 Address: 0x0000000100000000

Heap:
 PSYoungGen      total 208896K, used 91650K [0x00000000e0000000, 0x00000000f0400000, 0x0000000100000000)
  eden space 194560K, 47% used [0x00000000e0000000,0x00000000e5980880,0x00000000ebe00000)
  from space 14336K, 0% used [0x00000000ee800000,0x00000000ee800000,0x00000000ef600000)
  to   space 12288K, 0% used [0x00000000ef800000,0x00000000ef800000,0x00000000f0400000)
 ParOldGen       total 87040K, used 16921K [0x00000000a0000000, 0x00000000a5500000, 0x00000000e0000000)
  object space 87040K, 19% used [0x00000000a0000000,0x00000000a1086558,0x00000000a5500000)
 Metaspace       used 43780K, capacity 44872K, committed 45224K, reserved 1087488K
  class space    used 5912K, capacity 6188K, committed 6312K, reserved 1048576K

Card table byte_map: [0x0000000012260000,0x0000000012570000] byte_map_base: 0x0000000011d60000

Marking Bits: (ParMarkBitMap*) 0x0000000055089f30
 Begin Bits: [0x0000000012b70000, 0x0000000014370000)
 End Bits:   [0x0000000014370000, 0x0000000015b70000)

Polling page: 0x0000000001150000

CodeCache: size=245760Kb used=11906Kb max_used=11906Kb free=233853Kb
 bounds [0x0000000002ea0000, 0x0000000003a50000, 0x0000000011ea0000]
 total_blobs=4164 nmethods=3414 adapters=661
 compilation: enabled

Compilation events (10 events):
Event: 7.589 Thread 0x0000000018078800 3772       3       java.lang.Class::getDeclaredFields (18 bytes)
Event: 7.589 Thread 0x0000000018078800 nmethod 3772 0x0000000003a38450 code [0x0000000003a385e0, 0x0000000003a38818]
Event: 7.590 Thread 0x0000000018078800 3773       3       org.gradle.internal.instantiation.DependencyInjectingInstantiator::verifyParameters (164 bytes)
Event: 7.591 Thread 0x0000000018078800 nmethod 3773 0x0000000003a38910 code [0x0000000003a38c00, 0x0000000003a3a0c8]
Event: 7.592 Thread 0x0000000018078800 3775       3       org.objectweb.asm.SymbolTable::addConstantIntegerOrFloat (100 bytes)
Event: 7.592 Thread 0x0000000018078800 nmethod 3775 0x0000000003a3ab50 code [0x0000000003a3ad20, 0x0000000003a3b318]
Event: 7.592 Thread 0x0000000018078800 3776       3       org.objectweb.asm.AnnotationWriter::visit (959 bytes)
Event: 7.596 Thread 0x0000000018078800 nmethod 3776 0x0000000003a3b690 code [0x0000000003a3bd00, 0x0000000003a40f38]
Event: 7.596 Thread 0x0000000018078800 3774       3       org.objectweb.asm.SymbolTable::addConstantInteger (7 bytes)
Event: 7.596 Thread 0x0000000018078800 nmethod 3774 0x0000000003a42f90 code [0x0000000003a43100, 0x0000000003a43288]

GC Heap History (10 events):
Event: 3.322 GC heap before
{Heap before GC invocations=5 (full 0):
 PSYoungGen      total 125440K, used 20750K [0x00000000e0000000, 0x00000000e7f00000, 0x0000000100000000)
  eden space 120832K, 13% used [0x00000000e0000000,0x00000000e0fcb9f8,0x00000000e7600000)
  from space 4608K, 99% used [0x00000000e7a80000,0x00000000e7ef8030,0x00000000e7f00000)
  to   space 4608K, 0% used [0x00000000e7600000,0x00000000e7600000,0x00000000e7a80000)
 ParOldGen       total 79360K, used 10728K [0x00000000a0000000, 0x00000000a4d80000, 0x00000000e0000000)
  object space 79360K, 13% used [0x00000000a0000000,0x00000000a0a7a2e0,0x00000000a4d80000)
 Metaspace       used 20726K, capacity 21202K, committed 21296K, reserved 1067008K
  class space    used 3001K, capacity 3165K, committed 3200K, reserved 1048576K
Event: 3.337 GC heap after
Heap after GC invocations=5 (full 0):
 PSYoungGen      total 125440K, used 4596K [0x00000000e0000000, 0x00000000f0400000, 0x0000000100000000)
  eden space 120832K, 0% used [0x00000000e0000000,0x00000000e0000000,0x00000000e7600000)
  from space 4608K, 99% used [0x00000000e7600000,0x00000000e7a7d040,0x00000000e7a80000)
  to   space 12288K, 0% used [0x00000000ef800000,0x00000000ef800000,0x00000000f0400000)
 ParOldGen       total 79360K, used 12672K [0x00000000a0000000, 0x00000000a4d80000, 0x00000000e0000000)
  object space 79360K, 15% used [0x00000000a0000000,0x00000000a0c60238,0x00000000a4d80000)
 Metaspace       used 20726K, capacity 21202K, committed 21296K, reserved 1067008K
  class space    used 3001K, capacity 3165K, committed 3200K, reserved 1048576K
}
Event: 3.337 GC heap before
{Heap before GC invocations=6 (full 1):
 PSYoungGen      total 125440K, used 4596K [0x00000000e0000000, 0x00000000f0400000, 0x0000000100000000)
  eden space 120832K, 0% used [0x00000000e0000000,0x00000000e0000000,0x00000000e7600000)
  from space 4608K, 99% used [0x00000000e7600000,0x00000000e7a7d040,0x00000000e7a80000)
  to   space 12288K, 0% used [0x00000000ef800000,0x00000000ef800000,0x00000000f0400000)
 ParOldGen       total 79360K, used 12672K [0x00000000a0000000, 0x00000000a4d80000, 0x00000000e0000000)
  object space 79360K, 15% used [0x00000000a0000000,0x00000000a0c60238,0x00000000a4d80000)
 Metaspace       used 20726K, capacity 21202K, committed 21296K, reserved 1067008K
  class space    used 3001K, capacity 3165K, committed 3200K, reserved 1048576K
Event: 3.381 GC heap after
Heap after GC invocations=6 (full 1):
 PSYoungGen      total 125440K, used 0K [0x00000000e0000000, 0x00000000f0400000, 0x0000000100000000)
  eden space 120832K, 0% used [0x00000000e0000000,0x00000000e0000000,0x00000000e7600000)
  from space 4608K, 0% used [0x00000000e7600000,0x00000000e7600000,0x00000000e7a80000)
  to   space 12288K, 0% used [0x00000000ef800000,0x00000000ef800000,0x00000000f0400000)
 ParOldGen       total 56832K, used 8437K [0x00000000a0000000, 0x00000000a3780000, 0x00000000e0000000)
  object space 56832K, 14% used [0x00000000a0000000,0x00000000a083d560,0x00000000a3780000)
 Metaspace       used 20726K, capacity 21202K, committed 21296K, reserved 1067008K
  class space    used 3001K, capacity 3165K, committed 3200K, reserved 1048576K
}
Event: 4.867 GC heap before
{Heap before GC invocations=7 (full 1):
 PSYoungGen      total 125440K, used 120832K [0x00000000e0000000, 0x00000000f0400000, 0x0000000100000000)
  eden space 120832K, 100% used [0x00000000e0000000,0x00000000e7600000,0x00000000e7600000)
  from space 4608K, 0% used [0x00000000e7600000,0x00000000e7600000,0x00000000e7a80000)
  to   space 12288K, 0% used [0x00000000ef800000,0x00000000ef800000,0x00000000f0400000)
 ParOldGen       total 56832K, used 8437K [0x00000000a0000000, 0x00000000a3780000, 0x00000000e0000000)
  object space 56832K, 14% used [0x00000000a0000000,0x00000000a083d560,0x00000000a3780000)
 Metaspace       used 31524K, capacity 32116K, committed 32256K, reserved 1077248K
  class space    used 4323K, capacity 4559K, committed 4608K, reserved 1048576K
Event: 4.888 GC heap after
Heap after GC invocations=7 (full 1):
 PSYoungGen      total 206848K, used 11843K [0x00000000e0000000, 0x00000000f0400000, 0x0000000100000000)
  eden space 194560K, 0% used [0x00000000e0000000,0x00000000e0000000,0x00000000ebe00000)
  from space 12288K, 96% used [0x00000000ef800000,0x00000000f0390c30,0x00000000f0400000)
  to   space 14336K, 0% used [0x00000000ee800000,0x00000000ee800000,0x00000000ef600000)
 ParOldGen       total 56832K, used 8445K [0x00000000a0000000, 0x00000000a3780000, 0x00000000e0000000)
  object space 56832K, 14% used [0x00000000a0000000,0x00000000a083f560,0x00000000a3780000)
 Metaspace       used 31524K, capacity 32116K, committed 32256K, reserved 1077248K
  class space    used 4323K, capacity 4559K, committed 4608K, reserved 1048576K
}
Event: 6.126 GC heap before
{Heap before GC invocations=8 (full 1):
 PSYoungGen      total 206848K, used 83599K [0x00000000e0000000, 0x00000000f0400000, 0x0000000100000000)
  eden space 194560K, 36% used [0x00000000e0000000,0x00000000e4613328,0x00000000ebe00000)
  from space 12288K, 96% used [0x00000000ef800000,0x00000000f0390c30,0x00000000f0400000)
  to   space 14336K, 0% used [0x00000000ee800000,0x00000000ee800000,0x00000000ef600000)
 ParOldGen       total 56832K, used 8445K [0x00000000a0000000, 0x00000000a3780000, 0x00000000e0000000)
  object space 56832K, 14% used [0x00000000a0000000,0x00000000a083f560,0x00000000a3780000)
 Metaspace       used 34649K, capacity 35458K, committed 35496K, reserved 1079296K
  class space    used 4758K, capacity 4994K, committed 5032K, reserved 1048576K
Event: 6.159 GC heap after
Heap after GC invocations=8 (full 1):
 PSYoungGen      total 208896K, used 10210K [0x00000000e0000000, 0x00000000f0400000, 0x0000000100000000)
  eden space 194560K, 0% used [0x00000000e0000000,0x00000000e0000000,0x00000000ebe00000)
  from space 14336K, 71% used [0x00000000ee800000,0x00000000ef1f8a60,0x00000000ef600000)
  to   space 12288K, 0% used [0x00000000ef800000,0x00000000ef800000,0x00000000f0400000)
 ParOldGen       total 56832K, used 8453K [0x00000000a0000000, 0x00000000a3780000, 0x00000000e0000000)
  object space 56832K, 14% used [0x00000000a0000000,0x00000000a0841560,0x00000000a3780000)
 Metaspace       used 34649K, capacity 35458K, committed 35496K, reserved 1079296K
  class space    used 4758K, capacity 4994K, committed 5032K, reserved 1048576K
}
Event: 6.159 GC heap before
{Heap before GC invocations=9 (full 2):
 PSYoungGen      total 208896K, used 10210K [0x00000000e0000000, 0x00000000f0400000, 0x0000000100000000)
  eden space 194560K, 0% used [0x00000000e0000000,0x00000000e0000000,0x00000000ebe00000)
  from space 14336K, 71% used [0x00000000ee800000,0x00000000ef1f8a60,0x00000000ef600000)
  to   space 12288K, 0% used [0x00000000ef800000,0x00000000ef800000,0x00000000f0400000)
 ParOldGen       total 56832K, used 8453K [0x00000000a0000000, 0x00000000a3780000, 0x00000000e0000000)
  object space 56832K, 14% used [0x00000000a0000000,0x00000000a0841560,0x00000000a3780000)
 Metaspace       used 34649K, capacity 35458K, committed 35496K, reserved 1079296K
  class space    used 4758K, capacity 4994K, committed 5032K, reserved 1048576K
Event: 6.262 GC heap after
Heap after GC invocations=9 (full 2):
 PSYoungGen      total 208896K, used 0K [0x00000000e0000000, 0x00000000f0400000, 0x0000000100000000)
  eden space 194560K, 0% used [0x00000000e0000000,0x00000000e0000000,0x00000000ebe00000)
  from space 14336K, 0% used [0x00000000ee800000,0x00000000ee800000,0x00000000ef600000)
  to   space 12288K, 0% used [0x00000000ef800000,0x00000000ef800000,0x00000000f0400000)
 ParOldGen       total 87040K, used 16921K [0x00000000a0000000, 0x00000000a5500000, 0x00000000e0000000)
  object space 87040K, 19% used [0x00000000a0000000,0x00000000a1086558,0x00000000a5500000)
 Metaspace       used 34647K, capacity 35452K, committed 35496K, reserved 1079296K
  class space    used 4757K, capacity 4993K, committed 5032K, reserved 1048576K
}

Deoptimization events (10 events):
Event: 7.307 Thread 0x000000001a17d800 Uncommon trap: reason=unstable_if action=reinterpret pc=0x000000000302a318 method=java.util.jar.JarFile.maybeInstantiateVerifier()V @ 4
Event: 7.311 Thread 0x000000001a17d800 Uncommon trap: reason=unstable_if action=reinterpret pc=0x000000000336abf0 method=java.util.jar.JarFile.maybeInstantiateVerifier()V @ 4
Event: 7.311 Thread 0x000000001a17d800 Uncommon trap: reason=unstable_if action=reinterpret pc=0x0000000003402cf0 method=java.security.CodeSource.<init>(Ljava/net/URL;[Ljava/security/CodeSigner;)V @ 25
Event: 7.313 Thread 0x000000001a17d800 Uncommon trap: reason=unstable_if action=reinterpret pc=0x0000000003419c6c method=java.security.CodeSource.getCertificates()[Ljava/security/cert/Certificate; @ 22
Event: 7.313 Thread 0x000000001a17d800 Uncommon trap: reason=unstable_if action=reinterpret pc=0x000000000384bfe0 method=java.util.jar.JarFile.maybeInstantiateVerifier()V @ 4
Event: 7.314 Thread 0x000000001a17d800 Uncommon trap: reason=unstable_if action=reinterpret pc=0x0000000003942958 method=java.security.CodeSource.matchCerts(Ljava/security/CodeSource;Z)Z @ 11
Event: 7.338 Thread 0x000000001a17d800 Uncommon trap: reason=unstable_if action=reinterpret pc=0x0000000002ff79b4 method=java.util.LinkedHashMap.get(Ljava/lang/Object;)Ljava/lang/Object; @ 20
Event: 7.427 Thread 0x000000001a17d800 Uncommon trap: reason=unstable_if action=reinterpret pc=0x0000000003700b9c method=org.objectweb.asm.ByteVector.putUTF8(Ljava/lang/String;)Lorg/objectweb/asm/ByteVector; @ 93
Event: 7.428 Thread 0x000000001a17d800 Uncommon trap: reason=range_check action=make_not_entrant pc=0x00000000039e9d74 method=java.lang.String.charAt(I)C @ 27
Event: 7.536 Thread 0x000000001a17d800 Uncommon trap: reason=unstable_if action=reinterpret pc=0x000000000350d778 method=org.objectweb.asm.ByteVector.putUTF8(Ljava/lang/String;)Lorg/objectweb/asm/ByteVector; @ 93

Classes redefined (0 events):
No events

Internal exceptions (10 events):
Event: 6.321 Thread 0x000000001a17d800 Exception <a 'java/lang/ClassNotFoundException': org/gradle/api/tasks/Delete_DecoratedCustomizer> (0x00000000e04dd108) thrown at [D:\src\AOSP-openjdk-cygwin\jdk8u\hotspot\src\share\vm\classfile\systemDictionary.cpp, line 210]
Event: 6.362 Thread 0x000000001a17d800 Exception <a 'java/lang/ClassNotFoundException': build_5vc7m1ltkfpsf5c42txmezm4dBeanInfo> (0x00000000e05ff0e0) thrown at [D:\src\AOSP-openjdk-cygwin\jdk8u\hotspot\src\share\vm\classfile\systemDictionary.cpp, line 210]
Event: 6.362 Thread 0x000000001a17d800 Exception <a 'java/lang/ClassNotFoundException': build_5vc7m1ltkfpsf5c42txmezm4dCustomizer> (0x00000000e060bad8) thrown at [D:\src\AOSP-openjdk-cygwin\jdk8u\hotspot\src\share\vm\classfile\systemDictionary.cpp, line 210]
Event: 6.368 Thread 0x000000001a17d800 Exception <a 'java/lang/ClassNotFoundException': org/gradle/api/internal/plugins/DefaultObjectConfigurationActionBeanInfo> (0x00000000e06820a8) thrown at [D:\src\AOSP-openjdk-cygwin\jdk8u\hotspot\src\share\vm\classfile\systemDictionary.cpp, line 210]
Event: 6.370 Thread 0x000000001a17d800 Exception <a 'java/lang/ClassNotFoundException': org/gradle/api/internal/plugins/DefaultObjectConfigurationActionCustomizer> (0x00000000e0782b20) thrown at [D:\src\AOSP-openjdk-cygwin\jdk8u\hotspot\src\share\vm\classfile\systemDictionary.cpp, line 210]
Event: 6.642 Thread 0x000000001a17d800 Implicit null exception at 0x00000000033d7ed7 to 0x00000000033e0d69
Event: 7.559 Thread 0x000000001a17d800 Exception <a 'java/lang/ClassNotFoundException': com/android/build/gradle/internal/api/DefaultAndroidSourceSet_DecoratedBeanInfo> (0x00000000e5604620) thrown at [D:\src\AOSP-openjdk-cygwin\jdk8u\hotspot\src\share\vm\classfile\systemDictionary.cpp, line 21
Event: 7.559 Thread 0x000000001a17d800 Exception <a 'java/lang/ClassNotFoundException': com/android/build/gradle/internal/api/DefaultAndroidSourceSetBeanInfo> (0x00000000e5621ad8) thrown at [D:\src\AOSP-openjdk-cygwin\jdk8u\hotspot\src\share\vm\classfile\systemDictionary.cpp, line 210]
Event: 7.560 Thread 0x000000001a17d800 Exception <a 'java/lang/ClassNotFoundException': com/android/build/gradle/internal/api/DefaultAndroidSourceSetCustomizer> (0x00000000e563f490) thrown at [D:\src\AOSP-openjdk-cygwin\jdk8u\hotspot\src\share\vm\classfile\systemDictionary.cpp, line 210]
Event: 7.562 Thread 0x000000001a17d800 Exception <a 'java/lang/ClassNotFoundException': com/android/build/gradle/internal/api/DefaultAndroidSourceSet_DecoratedCustomizer> (0x00000000e56a9bd8) thrown at [D:\src\AOSP-openjdk-cygwin\jdk8u\hotspot\src\share\vm\classfile\systemDictionary.cpp, line 

Events (10 events):
Event: 7.605 loading class com/android/build/gradle/internal/scope/InternalArtifactType$JACOCO_INSTRUMENTED_JARS
Event: 7.605 loading class com/android/build/gradle/internal/scope/InternalArtifactType$JACOCO_INSTRUMENTED_JARS done
Event: 7.606 loading class com/android/build/api/transform/QualifiedContent$ScopeType
Event: 7.606 loading class com/android/build/api/transform/QualifiedContent$ScopeType done
Event: 7.606 loading class com/android/build/gradle/internal/pipeline/TransformStream
Event: 7.606 loading class com/android/build/gradle/internal/pipeline/TransformStream done
Event: 7.607 loading class com/android/build/gradle/internal/pipeline/OriginalStream
Event: 7.607 loading class com/android/build/gradle/internal/pipeline/OriginalStream done
Event: 7.608 loading class com/android/build/gradle/tasks/LintPerVariantTask$CreationAction
Event: 7.608 loading class com/android/build/gradle/tasks/LintPerVariantTask$CreationAction done


Dynamic libraries:
0x00007ff763230000 - 0x00007ff763261000 	C:\Program Files\Android\Android Studio\jre\bin\java.exe
0x00007ffce5600000 - 0x00007ffce57ed000 	C:\Windows\SYSTEM32\ntdll.dll
0x00007ffcc9860000 - 0x00007ffcc9875000 	C:\Program Files\AVAST Software\Avast\aswhook.dll
0x00007ffce49a0000 - 0x00007ffce4a53000 	C:\Windows\System32\KERNEL32.DLL
0x00007ffce19c0000 - 0x00007ffce1c53000 	C:\Windows\System32\KERNELBASE.dll
0x00007ffce4b00000 - 0x00007ffce4ba3000 	C:\Windows\System32\ADVAPI32.dll
0x00007ffce4a60000 - 0x00007ffce4afe000 	C:\Windows\System32\msvcrt.dll
0x00007ffce4330000 - 0x00007ffce43ce000 	C:\Windows\System32\sechost.dll
0x00007ffce2b50000 - 0x00007ffce2c72000 	C:\Windows\System32\RPCRT4.dll
0x00007ffce4df0000 - 0x00007ffce4f87000 	C:\Windows\System32\USER32.dll
0x00007ffce2030000 - 0x00007ffce2050000 	C:\Windows\System32\win32u.dll
0x00007ffce4270000 - 0x00007ffce4299000 	C:\Windows\System32\GDI32.dll
0x00007ffce1e30000 - 0x00007ffce1fc9000 	C:\Windows\System32\gdi32full.dll
0x00007ffce1920000 - 0x00007ffce19c0000 	C:\Windows\System32\msvcp_win.dll
0x00007ffce1c80000 - 0x00007ffce1d7a000 	C:\Windows\System32\ucrtbase.dll
0x00007ffccd450000 - 0x00007ffccd6c9000 	C:\Windows\WinSxS\amd64_microsoft.windows.common-controls_6595b64144ccf1df_6.0.17763.1039_none_de701650534c7021\COMCTL32.dll
0x00007ffce52a0000 - 0x00007ffce55cc000 	C:\Windows\System32\combase.dll
0x00007ffce27a0000 - 0x00007ffce281e000 	C:\Windows\System32\bcryptPrimitives.dll
0x00007ffce42a0000 - 0x00007ffce42ce000 	C:\Windows\System32\IMM32.DLL
0x0000000052780000 - 0x0000000052852000 	C:\Program Files\Android\Android Studio\jre\jre\bin\msvcr100.dll
0x00000000548c0000 - 0x0000000055106000 	C:\Program Files\Android\Android Studio\jre\jre\bin\server\jvm.dll
0x00007ffce43d0000 - 0x00007ffce43d8000 	C:\Windows\System32\PSAPI.DLL
0x00007ffcda790000 - 0x00007ffcda799000 	C:\Windows\SYSTEM32\WSOCK32.dll
0x00007ffce2c80000 - 0x00007ffce2ced000 	C:\Windows\System32\WS2_32.dll
0x00007ffcd7780000 - 0x00007ffcd77a4000 	C:\Windows\SYSTEM32\WINMM.dll
0x00007ffcdd4d0000 - 0x00007ffcdd4da000 	C:\Windows\SYSTEM32\VERSION.dll
0x00007ffcd7750000 - 0x00007ffcd777d000 	C:\Windows\SYSTEM32\WINMMBASE.dll
0x00007ffce16f0000 - 0x00007ffce173a000 	C:\Windows\System32\cfgmgr32.dll
0x00007ffcddde0000 - 0x00007ffcdddef000 	C:\Program Files\Android\Android Studio\jre\jre\bin\verify.dll
0x00007ffcd7fb0000 - 0x00007ffcd7fd9000 	C:\Program Files\Android\Android Studio\jre\jre\bin\java.dll
0x00007ffcd7f90000 - 0x00007ffcd7fa6000 	C:\Program Files\Android\Android Studio\jre\jre\bin\zip.dll
0x00007ffce2cf0000 - 0x00007ffce41e4000 	C:\Windows\System32\SHELL32.dll
0x00007ffce2880000 - 0x00007ffce2928000 	C:\Windows\System32\shcore.dll
0x00007ffce2050000 - 0x00007ffce279d000 	C:\Windows\System32\windows.storage.dll
0x00007ffce15f0000 - 0x00007ffce1614000 	C:\Windows\System32\profapi.dll
0x00007ffce1640000 - 0x00007ffce169d000 	C:\Windows\System32\powrprof.dll
0x00007ffce4940000 - 0x00007ffce4992000 	C:\Windows\System32\shlwapi.dll
0x00007ffce16a0000 - 0x00007ffce16b1000 	C:\Windows\System32\kernel.appcore.dll
0x00007ffce1c60000 - 0x00007ffce1c77000 	C:\Windows\System32\cryptsp.dll
0x00007ffcd7500000 - 0x00007ffcd751a000 	C:\Program Files\Android\Android Studio\jre\jre\bin\net.dll
0x00007ffcdb6b0000 - 0x00007ffcdb888000 	C:\Windows\SYSTEM32\urlmon.dll
0x00007ffcdb1d0000 - 0x00007ffcdb478000 	C:\Windows\SYSTEM32\iertutil.dll
0x00007ffce1030000 - 0x00007ffce103c000 	C:\Windows\SYSTEM32\CRYPTBASE.DLL
0x00007ffce0e60000 - 0x00007ffce0ec7000 	C:\Windows\system32\mswsock.dll
0x00007ffcd74e0000 - 0x00007ffcd74f3000 	C:\Program Files\Android\Android Studio\jre\jre\bin\nio.dll
0x00007ffcdc580000 - 0x00007ffcdc5a6000 	C:\Users\Alex\.gradle\native\30\windows-amd64\native-platform.dll
0x00007ffcdd330000 - 0x00007ffcdd33d000 	C:\Program Files\Android\Android Studio\jre\jre\bin\management.dll
0x00007ffce09e0000 - 0x00007ffce0a13000 	C:\Windows\system32\rsaenh.dll
0x00007ffce16c0000 - 0x00007ffce16e6000 	C:\Windows\System32\bcrypt.dll
0x00007ffce14f0000 - 0x00007ffce1518000 	C:\Windows\SYSTEM32\USERENV.dll
0x00007ffce0b80000 - 0x00007ffce0bbd000 	C:\Windows\SYSTEM32\IPHLPAPI.DLL
0x00007ffce2a60000 - 0x00007ffce2a68000 	C:\Windows\System32\NSI.dll
0x00007ffcddd30000 - 0x00007ffcddd46000 	C:\Windows\SYSTEM32\dhcpcsvc6.DLL
0x00007ffcddbc0000 - 0x00007ffcddbdc000 	C:\Windows\SYSTEM32\dhcpcsvc.DLL
0x00007ffce0bc0000 - 0x00007ffce0c86000 	C:\Windows\SYSTEM32\DNSAPI.dll

VM Arguments:
jvm_args: -Xmx1536m -Dfile.encoding=windows-1251 -Duser.country=RU -Duser.language=ru -Duser.variant 
java_command: org.gradle.launcher.daemon.bootstrap.GradleDaemon 5.6.4
java_class_path (initial): C:\Users\Alex\.gradle\wrapper\dists\gradle-5.6.4-all\ankdp27end7byghfw1q2sw75f\gradle-5.6.4\lib\gradle-launcher-5.6.4.jar
Launcher Type: SUN_STANDARD

Environment Variables:
PATH=C:\Windows\system32;C:\Windows;C:\Windows\System32\Wbem;C:\Windows\System32\WindowsPowerShell\v1.0\;C:\Windows\System32\OpenSSH\;C:\Program Files (x86)\ATI Technologies\ATI.ACE\Core-Static;C:\Users\Alex\AppData\Local\Microsoft\WindowsApps;
USERNAME=Alex
OS=Windows_NT
PROCESSOR_IDENTIFIER=AMD64 Family 21 Model 19 Stepping 1, AuthenticAMD



---------------  S Y S T E M  ---------------

OS: Windows 10.0 , 64 bit Build 17763 (10.0.17763.475)

CPU:total 4 (initial active 4) (4 cores per cpu, 1 threads per core) family 21 model 19 stepping 1, cmov, cx8, fxsr, mmx, sse, sse2, sse3, ssse3, sse4.1, sse4.2, popcnt, avx, aes, clmul, mmxext, 3dnowpref, lzcnt, sse4a, tsc, tscinvbit, tscinv, bmi1

Memory: 4k page, physical 7541476k(805124k free), swap 8360676k(5816k free)

vm_info: OpenJDK 64-Bit Server VM (25.212-b04) for windows-amd64 JRE (1.8.0_212-release-1586-b04), built by "builder" with MS VC++ 10.0 (VS2010)

time: Fri Feb 28 10:31:40 2020
timezone: Финляндия (зима)
elapsed time: 7 seconds (0d 0h 0m 7s)

