#
# There is insufficient memory for the Java Runtime Environment to continue.
# Native memory allocation (malloc) failed to allocate 357072 bytes for Chunk::new
# Possible reasons:
#   The system is out of physical RAM or swap space
#   The process is running with CompressedOops enabled, and the Java Heap may be blocking the growth of the native heap
# Possible solutions:
#   Reduce memory load on the system
#   Increase physical memory or swap space
#   Check if swap backing store is full
#   Decrease Java heap size (-Xmx/-Xms)
#   Decrease number of Java threads
#   Decrease Java thread stack sizes (-Xss)
#   Set larger code cache with -XX:ReservedCodeCacheSize=
#   JVM is running with Unscaled Compressed Oops mode in which the Java heap is
#     placed in the first 4GB address space. The Java Heap base address is the
#     maximum limit for the native heap growth. Please use -XX:HeapBaseMinAddress
#     to set the Java Heap base and to place the Java Heap above 4GB virtual address.
# This output file may be truncated or incomplete.
#
#  Out of Memory Error (allocation.cpp:389), pid=9164, tid=0x0000000000001b98
#
# JRE version: OpenJDK Runtime Environment (8.0_212-b04) (build 1.8.0_212-release-1586-b04)
# Java VM: OpenJDK 64-Bit Server VM (25.212-b04 mixed mode windows-amd64 compressed oops)
# Failed to write core dump. Minidumps are not enabled by default on client versions of Windows
#

---------------  T H R E A D  ---------------

Current thread (0x0000000015a11800):  JavaThread "C2 CompilerThread0" daemon [_thread_in_native, id=7064, stack(0x0000000017070000,0x0000000017170000)]

Stack: [0x0000000017070000,0x0000000017170000]
[error occurred during error reporting (printing stack bounds), id 0xc0000005]

Native frames: (J=compiled Java code, j=interpreted, Vv=VM code, C=native code)


Current CompileTask:
C2:  13051 3384       4       java.security.SecureClassLoader::defineClass (16 bytes)


---------------  P R O C E S S  ---------------

Java Threads: ( => current thread )
  0x0000000018a3d000 JavaThread "Cache worker for execution history cache (C:\Users\Alex\.gradle\caches\5.4.1\executionHistory)" [_thread_blocked, id=9144, stack(0x000000001e9d0000,0x000000001ead0000)]
  0x0000000018a3f800 JavaThread "Cache worker for cache directory md-rule (C:\Users\Alex\.gradle\caches\5.4.1\md-rule)" [_thread_blocked, id=8568, stack(0x000000001e8d0000,0x000000001e9d0000)]
  0x0000000017533800 JavaThread "Cache worker for cache directory md-supplier (C:\Users\Alex\.gradle\caches\5.4.1\md-supplier)" [_thread_blocked, id=8868, stack(0x000000001e7d0000,0x000000001e8d0000)]
  0x000000001752d800 JavaThread "Cache worker for file hash cache (C:\Users\Alex\ToDoproject\ToDoproject\.gradle\5.4.1\fileHashes)" [_thread_blocked, id=8148, stack(0x000000001dcd0000,0x000000001ddd0000)]
  0x000000001752f800 JavaThread "Cache worker for journal cache (C:\Users\Alex\.gradle\caches\journal-1)" [_thread_blocked, id=7520, stack(0x000000001a5f0000,0x000000001a6f0000)]
  0x000000001752e000 JavaThread "File lock request listener" [_thread_in_native, id=7364, stack(0x000000001a4f0000,0x000000001a5f0000)]
  0x000000001806f000 JavaThread "Cache worker for file hash cache (C:\Users\Alex\.gradle\caches\5.4.1\fileHashes)" [_thread_blocked, id=8096, stack(0x000000001a3f0000,0x000000001a4f0000)]
  0x0000000018687000 JavaThread "Thread-9" [_thread_blocked, id=6808, stack(0x000000001a2f0000,0x000000001a3f0000)]
  0x0000000018b69800 JavaThread "Stdin handler" [_thread_blocked, id=7320, stack(0x000000001a1f0000,0x000000001a2f0000)]
  0x0000000018cde000 JavaThread "Asynchronous log dispatcher for DefaultDaemonConnection: socket connection from /127.0.0.1:53548 to /127.0.0.1:53549" [_thread_in_native, id=10080, stack(0x000000001a0f0000,0x000000001a1f0000)]
  0x000000001866e800 JavaThread "Daemon worker" [_thread_in_Java, id=4288, stack(0x0000000019ff0000,0x000000001a0f0000)]
  0x000000001866c800 JavaThread "Cancel handler" [_thread_blocked, id=1468, stack(0x0000000019ef0000,0x0000000019ff0000)]
  0x0000000017543000 JavaThread "Handler for socket connection from /127.0.0.1:53548 to /127.0.0.1:53549" [_thread_in_native, id=3976, stack(0x0000000019bf0000,0x0000000019cf0000)]
  0x0000000017a32800 JavaThread "Daemon" [_thread_blocked, id=9116, stack(0x0000000019af0000,0x0000000019bf0000)]
  0x0000000017559800 JavaThread "Daemon periodic checks" [_thread_blocked, id=5312, stack(0x00000000199f0000,0x0000000019af0000)]
  0x0000000017558800 JavaThread "Incoming local TCP Connector on port 53548" [_thread_in_native, id=9404, stack(0x00000000197a0000,0x00000000198a0000)]
  0x0000000018916800 JavaThread "Daemon health stats" [_thread_blocked, id=1344, stack(0x0000000019140000,0x0000000019240000)]
  0x000000001727a000 JavaThread "Service Thread" daemon [_thread_blocked, id=9800, stack(0x0000000017770000,0x0000000017870000)]
  0x0000000015a6b800 JavaThread "C1 CompilerThread2" daemon [_thread_in_vm, id=4532, stack(0x0000000017670000,0x0000000017770000)]
  0x0000000015a13000 JavaThread "C2 CompilerThread1" daemon [_thread_blocked, id=8116, stack(0x0000000017170000,0x0000000017270000)]
=>0x0000000015a11800 JavaThread "C2 CompilerThread0" daemon [_thread_in_native, id=7064, stack(0x0000000017070000,0x0000000017170000)]
  0x0000000015a10800 JavaThread "Attach Listener" daemon [_thread_blocked, id=2004, stack(0x0000000016f70000,0x0000000017070000)]
  0x0000000015a16800 JavaThread "Signal Dispatcher" daemon [_thread_blocked, id=9212, stack(0x0000000016e70000,0x0000000016f70000)]
  0x000000000206a800 JavaThread "Finalizer" daemon [_thread_blocked, id=5328, stack(0x0000000016c60000,0x0000000016d60000)]
  0x0000000002060800 JavaThread "Reference Handler" daemon [_thread_blocked, id=4252, stack(0x0000000016b60000,0x0000000016c60000)]
  0x00000000004bd800 JavaThread "main" [_thread_blocked, id=6484, stack(0x0000000001e50000,0x0000000001f50000)]

Other Threads:
  0x00000000159d6800 VMThread [stack: 0x0000000016a60000,0x0000000016b60000] [id=6212]
  0x000000001727d000 WatcherThread [stack: 0x0000000017870000,0x0000000017970000] [id=9884]

VM state:not at safepoint (normal execution)

VM Mutex/Monitor currently owned by a thread:  ([mutex/lock_event])
[0x00000000004bc680] SymbolTable_lock - owner thread: 0x0000000000000000

heap address: 0x00000000a0000000, size: 1536 MB, Compressed Oops mode: 32-bit
Narrow klass base: 0x0000000000000000, Narrow klass shift: 3
Compressed class space size: 1073741824 Address: 0x0000000100000000

Heap:
 PSYoungGen      total 101376K, used 10832K [0x00000000e0000000, 0x00000000e6e00000, 0x0000000100000000)
  eden space 91136K, 11% used [0x00000000e0000000,0x00000000e0a94380,0x00000000e5900000)
  from space 10240K, 0% used [0x00000000e6400000,0x00000000e6400000,0x00000000e6e00000)
  to   space 10752K, 0% used [0x00000000e5900000,0x00000000e5900000,0x00000000e6380000)
 ParOldGen       total 59392K, used 13946K [0x00000000a0000000, 0x00000000a3a00000, 0x00000000e0000000)
  object space 59392K, 23% used [0x00000000a0000000,0x00000000a0d9e890,0x00000000a3a00000)
 Metaspace       used 35087K, capacity 35840K, committed 36096K, reserved 1081344K
  class space    used 4625K, capacity 4849K, committed 4864K, reserved 1048576K

Card table byte_map: [0x0000000011440000,0x0000000011750000] byte_map_base: 0x0000000010f40000

Marking Bits: (ParMarkBitMap*) 0x0000000056b09f30
 Begin Bits: [0x0000000011d50000, 0x0000000013550000)
 End Bits:   [0x0000000013550000, 0x0000000014d50000)

Polling page: 0x0000000000820000

CodeCache: size=245760Kb used=11339Kb max_used=11480Kb free=234420Kb
 bounds [0x0000000002080000, 0x0000000002be0000, 0x0000000011080000]
 total_blobs=3776 nmethods=3062 adapters=627
 compilation: enabled

Compilation events (10 events):
Event: 13.031 Thread 0x0000000015a6b800 3399       3       sun.misc.ProxyGenerator::getParameterDescriptors (47 bytes)
Event: 13.032 Thread 0x0000000015a6b800 nmethod 3399 0x0000000002472590 code [0x00000000024727e0, 0x00000000024735b8]
Event: 13.033 Thread 0x0000000015a6b800 3400       3       sun.misc.ProxyGenerator::access$1000 (7 bytes)
Event: 13.034 Thread 0x0000000015a6b800 nmethod 3400 0x000000000220dc10 code [0x000000000220dd80, 0x000000000220dee8]
Event: 13.034 Thread 0x0000000015a6b800 3401       3       sun.misc.ProxyGenerator::code_ipush (90 bytes)
Event: 13.035 Thread 0x0000000015a6b800 nmethod 3401 0x00000000022ee2d0 code [0x00000000022ee520, 0x00000000022ef5a8]
Event: 13.045 Thread 0x0000000015a6b800 3402       3       java.util.Hashtable$Enumerator::hasMoreElements (53 bytes)
Event: 13.046 Thread 0x0000000015a6b800 nmethod 3402 0x00000000021f8210 code [0x00000000021f8380, 0x00000000021f8650]
Event: 13.046 Thread 0x0000000015a6b800 3403       1       java.util.Hashtable::access$500 (5 bytes)
Event: 13.046 Thread 0x0000000015a6b800 nmethod 3403 0x000000000299e750 code [0x000000000299e8a0, 0x000000000299e990]

GC Heap History (10 events):
Event: 11.511 GC heap before
{Heap before GC invocations=16 (full 1):
 PSYoungGen      total 84480K, used 74459K [0x00000000e0000000, 0x00000000e5f00000, 0x0000000100000000)
  eden space 72704K, 100% used [0x00000000e0000000,0x00000000e4700000,0x00000000e4700000)
  from space 11776K, 14% used [0x00000000e5380000,0x00000000e5536e18,0x00000000e5f00000)
  to   space 12288K, 0% used [0x00000000e4700000,0x00000000e4700000,0x00000000e5300000)
 ParOldGen       total 59392K, used 31353K [0x00000000a0000000, 0x00000000a3a00000, 0x00000000e0000000)
  object space 59392K, 52% used [0x00000000a0000000,0x00000000a1e9e4d0,0x00000000a3a00000)
 Metaspace       used 33175K, capacity 33698K, committed 33920K, reserved 1079296K
  class space    used 4481K, capacity 4647K, committed 4736K, reserved 1048576K
Event: 11.515 GC heap after
Heap after GC invocations=16 (full 1):
 PSYoungGen      total 84992K, used 448K [0x00000000e0000000, 0x00000000e5f00000, 0x0000000100000000)
  eden space 72704K, 0% used [0x00000000e0000000,0x00000000e0000000,0x00000000e4700000)
  from space 12288K, 3% used [0x00000000e4700000,0x00000000e4770000,0x00000000e5300000)
  to   space 11776K, 0% used [0x00000000e5380000,0x00000000e5380000,0x00000000e5f00000)
 ParOldGen       total 59392K, used 33052K [0x00000000a0000000, 0x00000000a3a00000, 0x00000000e0000000)
  object space 59392K, 55% used [0x00000000a0000000,0x00000000a20472e8,0x00000000a3a00000)
 Metaspace       used 33175K, capacity 33698K, committed 33920K, reserved 1079296K
  class space    used 4481K, capacity 4647K, committed 4736K, reserved 1048576K
}
Event: 11.926 GC heap before
{Heap before GC invocations=17 (full 1):
 PSYoungGen      total 84992K, used 73152K [0x00000000e0000000, 0x00000000e5f00000, 0x0000000100000000)
  eden space 72704K, 100% used [0x00000000e0000000,0x00000000e4700000,0x00000000e4700000)
  from space 12288K, 3% used [0x00000000e4700000,0x00000000e4770000,0x00000000e5300000)
  to   space 11776K, 0% used [0x00000000e5380000,0x00000000e5380000,0x00000000e5f00000)
 ParOldGen       total 59392K, used 33052K [0x00000000a0000000, 0x00000000a3a00000, 0x00000000e0000000)
  object space 59392K, 55% used [0x00000000a0000000,0x00000000a20472e8,0x00000000a3a00000)
 Metaspace       used 33182K, capacity 33698K, committed 33920K, reserved 1079296K
  class space    used 4481K, capacity 4647K, committed 4736K, reserved 1048576K
Event: 11.930 GC heap after
Heap after GC invocations=17 (full 1):
 PSYoungGen      total 84480K, used 2404K [0x00000000e0000000, 0x00000000e5f00000, 0x0000000100000000)
  eden space 72704K, 0% used [0x00000000e0000000,0x00000000e0000000,0x00000000e4700000)
  from space 11776K, 20% used [0x00000000e5380000,0x00000000e55d9278,0x00000000e5f00000)
  to   space 12288K, 0% used [0x00000000e4700000,0x00000000e4700000,0x00000000e5300000)
 ParOldGen       total 59392K, used 33396K [0x00000000a0000000, 0x00000000a3a00000, 0x00000000e0000000)
  object space 59392K, 56% used [0x00000000a0000000,0x00000000a209d2e8,0x00000000a3a00000)
 Metaspace       used 33182K, capacity 33698K, committed 33920K, reserved 1079296K
  class space    used 4481K, capacity 4647K, committed 4736K, reserved 1048576K
}
Event: 12.287 GC heap before
{Heap before GC invocations=18 (full 1):
 PSYoungGen      total 84480K, used 75108K [0x00000000e0000000, 0x00000000e5f00000, 0x0000000100000000)
  eden space 72704K, 100% used [0x00000000e0000000,0x00000000e4700000,0x00000000e4700000)
  from space 11776K, 20% used [0x00000000e5380000,0x00000000e55d9278,0x00000000e5f00000)
  to   space 12288K, 0% used [0x00000000e4700000,0x00000000e4700000,0x00000000e5300000)
 ParOldGen       total 59392K, used 33396K [0x00000000a0000000, 0x00000000a3a00000, 0x00000000e0000000)
  object space 59392K, 56% used [0x00000000a0000000,0x00000000a209d2e8,0x00000000a3a00000)
 Metaspace       used 33215K, capacity 33794K, committed 33920K, reserved 1079296K
  class space    used 4487K, capacity 4679K, committed 4736K, reserved 1048576K
Event: 12.293 GC heap after
Heap after GC invocations=18 (full 1):
 PSYoungGen      total 84992K, used 2450K [0x00000000e0000000, 0x00000000e6f00000, 0x0000000100000000)
  eden space 72704K, 0% used [0x00000000e0000000,0x00000000e0000000,0x00000000e4700000)
  from space 12288K, 19% used [0x00000000e4700000,0x00000000e4964970,0x00000000e5300000)
  to   space 11264K, 0% used [0x00000000e6400000,0x00000000e6400000,0x00000000e6f00000)
 ParOldGen       total 59392K, used 35740K [0x00000000a0000000, 0x00000000a3a00000, 0x00000000e0000000)
  object space 59392K, 60% used [0x00000000a0000000,0x00000000a22e72e8,0x00000000a3a00000)
 Metaspace       used 33215K, capacity 33794K, committed 33920K, reserved 1079296K
  class space    used 4487K, capacity 4679K, committed 4736K, reserved 1048576K
}
Event: 12.829 GC heap before
{Heap before GC invocations=19 (full 1):
 PSYoungGen      total 84992K, used 69917K [0x00000000e0000000, 0x00000000e6f00000, 0x0000000100000000)
  eden space 72704K, 92% used [0x00000000e0000000,0x00000000e41e2e48,0x00000000e4700000)
  from space 12288K, 19% used [0x00000000e4700000,0x00000000e4964970,0x00000000e5300000)
  to   space 11264K, 0% used [0x00000000e6400000,0x00000000e6400000,0x00000000e6f00000)
 ParOldGen       total 59392K, used 35740K [0x00000000a0000000, 0x00000000a3a00000, 0x00000000e0000000)
  object space 59392K, 60% used [0x00000000a0000000,0x00000000a22e72e8,0x00000000a3a00000)
 Metaspace       used 34627K, capacity 35372K, committed 35496K, reserved 1079296K
  class space    used 4574K, capacity 4797K, committed 4864K, reserved 1048576K
Event: 12.836 GC heap after
Heap after GC invocations=19 (full 1):
 PSYoungGen      total 101376K, used 2818K [0x00000000e0000000, 0x00000000e6e00000, 0x0000000100000000)
  eden space 91136K, 0% used [0x00000000e0000000,0x00000000e0000000,0x00000000e5900000)
  from space 10240K, 27% used [0x00000000e6400000,0x00000000e66c09c8,0x00000000e6e00000)
  to   space 10752K, 0% used [0x00000000e5900000,0x00000000e5900000,0x00000000e6380000)
 ParOldGen       total 59392K, used 38143K [0x00000000a0000000, 0x00000000a3a00000, 0x00000000e0000000)
  object space 59392K, 64% used [0x00000000a0000000,0x00000000a253fc58,0x00000000a3a00000)
 Metaspace       used 34627K, capacity 35372K, committed 35496K, reserved 1079296K
  class space    used 4574K, capacity 4797K, committed 4864K, reserved 1048576K
}
Event: 12.837 GC heap before
{Heap before GC invocations=20 (full 2):
 PSYoungGen      total 101376K, used 2818K [0x00000000e0000000, 0x00000000e6e00000, 0x0000000100000000)
  eden space 91136K, 0% used [0x00000000e0000000,0x00000000e0000000,0x00000000e5900000)
  from space 10240K, 27% used [0x00000000e6400000,0x00000000e66c09c8,0x00000000e6e00000)
  to   space 10752K, 0% used [0x00000000e5900000,0x00000000e5900000,0x00000000e6380000)
 ParOldGen       total 59392K, used 38143K [0x00000000a0000000, 0x00000000a3a00000, 0x00000000e0000000)
  object space 59392K, 64% used [0x00000000a0000000,0x00000000a253fc58,0x00000000a3a00000)
 Metaspace       used 34627K, capacity 35372K, committed 35496K, reserved 1079296K
  class space    used 4574K, capacity 4797K, committed 4864K, reserved 1048576K
Event: 12.910 GC heap after
Heap after GC invocations=20 (full 2):
 PSYoungGen      total 101376K, used 0K [0x00000000e0000000, 0x00000000e6e00000, 0x0000000100000000)
  eden space 91136K, 0% used [0x00000000e0000000,0x00000000e0000000,0x00000000e5900000)
  from space 10240K, 0% used [0x00000000e6400000,0x00000000e6400000,0x00000000e6e00000)
  to   space 10752K, 0% used [0x00000000e5900000,0x00000000e5900000,0x00000000e6380000)
 ParOldGen       total 59392K, used 13946K [0x00000000a0000000, 0x00000000a3a00000, 0x00000000e0000000)
  object space 59392K, 23% used [0x00000000a0000000,0x00000000a0d9e890,0x00000000a3a00000)
 Metaspace       used 34561K, capacity 35244K, committed 35496K, reserved 1079296K
  class space    used 4556K, capacity 4777K, committed 4864K, reserved 1048576K
}

Deoptimization events (10 events):
Event: 8.756 Thread 0x000000001866e800 Uncommon trap: reason=predicate action=maybe_recompile pc=0x0000000002a75440 method=groovyjarjarantlr.InputBuffer.syncConsume()V @ 7
Event: 8.820 Thread 0x000000001866e800 Uncommon trap: reason=class_check action=maybe_recompile pc=0x0000000002a1bdc8 method=com.google.common.io.ByteStreams.copy(Ljava/io/InputStream;Ljava/io/OutputStream;)J @ 18
Event: 9.422 Thread 0x000000001866e800 Uncommon trap: reason=unstable_if action=reinterpret pc=0x0000000002a17e4c method=java.nio.channels.spi.AbstractInterruptibleChannel.begin()V @ 4
Event: 9.426 Thread 0x000000001866e800 Uncommon trap: reason=unstable_if action=reinterpret pc=0x0000000002a15978 method=java.nio.channels.spi.AbstractInterruptibleChannel.begin()V @ 4
Event: 11.159 Thread 0x000000001866e800 Uncommon trap: reason=unstable_if action=reinterpret pc=0x0000000002b47b88 method=java.util.zip.ZipInputStream.readLOC()Ljava/util/zip/ZipEntry; @ 192
Event: 11.159 Thread 0x000000001866e800 Uncommon trap: reason=unstable_if action=reinterpret pc=0x000000000222fce0 method=java.util.zip.ZipInputStream.readEnd(Ljava/util/zip/ZipEntry;)V @ 42
Event: 12.695 Thread 0x000000001866e800 Uncommon trap: reason=unstable_if action=reinterpret pc=0x0000000002944b48 method=org.objectweb.asm.ByteVector.putShort(I)Lorg/objectweb/asm/ByteVector; @ 13
Event: 12.704 Thread 0x000000001866e800 Uncommon trap: reason=class_check action=maybe_recompile pc=0x0000000002a1bdc8 method=com.google.common.io.ByteStreams.copy(Ljava/io/InputStream;Ljava/io/OutputStream;)J @ 18
Event: 12.737 Thread 0x000000001866e800 Uncommon trap: reason=unstable_if action=reinterpret pc=0x0000000002832290 method=java.util.WeakHashMap.put(Ljava/lang/Object;Ljava/lang/Object;)Ljava/lang/Object; @ 72
Event: 13.008 Thread 0x000000001866e800 Uncommon trap: reason=unstable_if action=reinterpret pc=0x0000000002ab1f08 method=org.codehaus.groovy.runtime.metaclass.MetaMethodIndex.addMethodToList(Ljava/lang/Object;Lgroovy/lang/MetaMethod;)Ljava/lang/Object; @ 226

Classes redefined (0 events):
No events

Internal exceptions (10 events):
Event: 12.962 Thread 0x000000001866e800 Exception <a 'java/lang/ClassNotFoundException': org/jetbrains/plugins/gradle/tooling/builder/ExternalTestsModelBuilderImplBeanInfo> (0x00000000e049d598) thrown at [D:\src\AOSP-openjdk-cygwin\jdk8u\hotspot\src\share\vm\classfile\systemDictionary.cpp, line
Event: 12.962 Thread 0x000000001866e800 Exception <a 'java/lang/ClassNotFoundException': org/jetbrains/plugins/gradle/tooling/builder/ExternalTestsModelBuilderImplCustomizer> (0x00000000e04ac0a0) thrown at [D:\src\AOSP-openjdk-cygwin\jdk8u\hotspot\src\share\vm\classfile\systemDictionary.cpp, li
Event: 12.988 Thread 0x000000001866e800 Exception <a 'java/lang/ClassNotFoundException': org/jetbrains/plugins/gradle/tooling/builder/ProjectExtensionsDataBuilderImplBeanInfo> (0x00000000e07832d8) thrown at [D:\src\AOSP-openjdk-cygwin\jdk8u\hotspot\src\share\vm\classfile\systemDictionary.cpp, l
Event: 12.988 Thread 0x000000001866e800 Exception <a 'java/lang/ClassNotFoundException': org/jetbrains/plugins/gradle/tooling/builder/ProjectExtensionsDataBuilderImplCustomizer> (0x00000000e0792110) thrown at [D:\src\AOSP-openjdk-cygwin\jdk8u\hotspot\src\share\vm\classfile\systemDictionary.cpp,
Event: 12.991 Thread 0x000000001866e800 Exception <a 'java/lang/ClassNotFoundException': org/jetbrains/plugins/gradle/tooling/builder/IntelliJSettingsBuilderBeanInfo> (0x00000000e07cd090) thrown at [D:\src\AOSP-openjdk-cygwin\jdk8u\hotspot\src\share\vm\classfile\systemDictionary.cpp, line 210]
Event: 12.991 Thread 0x000000001866e800 Exception <a 'java/lang/ClassNotFoundException': org/jetbrains/plugins/gradle/tooling/builder/IntelliJSettingsBuilderCustomizer> (0x00000000e07db498) thrown at [D:\src\AOSP-openjdk-cygwin\jdk8u\hotspot\src\share\vm\classfile\systemDictionary.cpp, line 210
Event: 13.001 Thread 0x000000001866e800 Exception <a 'java/lang/ClassNotFoundException': org/jetbrains/plugins/gradle/tooling/builder/IntelliJProjectSettingsBuilderBeanInfo> (0x00000000e0817228) thrown at [D:\src\AOSP-openjdk-cygwin\jdk8u\hotspot\src\share\vm\classfile\systemDictionary.cpp, lin
Event: 13.002 Thread 0x000000001866e800 Exception <a 'java/lang/ClassNotFoundException': org/jetbrains/plugins/gradle/tooling/builder/IntelliJProjectSettingsBuilderCustomizer> (0x00000000e0825ed0) thrown at [D:\src\AOSP-openjdk-cygwin\jdk8u\hotspot\src\share\vm\classfile\systemDictionary.cpp, l
Event: 13.014 Thread 0x000000001866e800 Exception <a 'java/lang/ClassNotFoundException': java/util/concurrent/CopyOnWriteArrayListBeanInfo> (0x00000000e098a4d8) thrown at [D:\src\AOSP-openjdk-cygwin\jdk8u\hotspot\src\share\vm\classfile\systemDictionary.cpp, line 210]
Event: 13.015 Thread 0x000000001866e800 Exception <a 'java/lang/ClassNotFoundException': java/util/concurrent/CopyOnWriteArrayListCustomizer> (0x00000000e0992960) thrown at [D:\src\AOSP-openjdk-cygwin\jdk8u\hotspot\src\share\vm\classfile\systemDictionary.cpp, line 210]

Events (10 events):
Event: 13.038 loading class org/codehaus/groovy/runtime/metaclass/DefaultMetaClassInfo$ConstantMetaClassVersioning
Event: 13.038 loading class org/codehaus/groovy/runtime/metaclass/DefaultMetaClassInfo$ConstantMetaClassVersioning done
Event: 13.040 loading class org/codehaus/groovy/runtime/typehandling/DefaultTypeTransformation
Event: 13.040 loading class org/codehaus/groovy/runtime/typehandling/DefaultTypeTransformation done
Event: 13.042 loading class org/gradle/initialization/BuildOperationSettingsProcessor$2
Event: 13.042 loading class org/gradle/initialization/BuildOperationSettingsProcessor$2 done
Event: 13.043 loading class org/gradle/initialization/BuildOperationSettingsProcessor$2$1
Event: 13.043 loading class org/gradle/initialization/BuildOperationSettingsProcessor$2$1 done
Event: 13.044 loading class org/gradle/initialization/EvaluateSettingsBuildOperationType$Details
Event: 13.044 loading class org/gradle/initialization/EvaluateSettingsBuildOperationType$Details done


Dynamic libraries:
0x00007ff7f4c70000 - 0x00007ff7f4ca1000 	C:\Program Files\Android\Android Studio\jre\bin\java.exe
0x00007fff6c970000 - 0x00007fff6cb5d000 	C:\Windows\SYSTEM32\ntdll.dll
0x00007fff5e540000 - 0x00007fff5e555000 	C:\Program Files\AVAST Software\Avast\aswhook.dll
0x00007fff6bd00000 - 0x00007fff6bdb3000 	C:\Windows\System32\KERNEL32.DLL
0x00007fff68be0000 - 0x00007fff68e73000 	C:\Windows\System32\KERNELBASE.dll
0x00007fff6c4a0000 - 0x00007fff6c543000 	C:\Windows\System32\ADVAPI32.dll
0x00007fff6b460000 - 0x00007fff6b4fe000 	C:\Windows\System32\msvcrt.dll
0x00007fff69d50000 - 0x00007fff69dee000 	C:\Windows\System32\sechost.dll
0x00007fff6b500000 - 0x00007fff6b622000 	C:\Windows\System32\RPCRT4.dll
0x00007fff6bb10000 - 0x00007fff6bca7000 	C:\Windows\System32\USER32.dll
0x00007fff68e80000 - 0x00007fff68ea0000 	C:\Windows\System32\win32u.dll
0x00007fff69f40000 - 0x00007fff69f69000 	C:\Windows\System32\GDI32.dll
0x00007fff68a40000 - 0x00007fff68bda000 	C:\Windows\System32\gdi32full.dll
0x00007fff69a60000 - 0x00007fff69b00000 	C:\Windows\System32\msvcp_win.dll
0x00007fff69960000 - 0x00007fff69a5c000 	C:\Windows\System32\ucrtbase.dll
0x00007fff577f0000 - 0x00007fff57a69000 	C:\Windows\WinSxS\amd64_microsoft.windows.common-controls_6595b64144ccf1df_6.0.17763.316_none_05b53be2071f46b6\COMCTL32.dll
0x00007fff6bfe0000 - 0x00007fff6c30d000 	C:\Windows\System32\combase.dll
0x00007fff69080000 - 0x00007fff690fe000 	C:\Windows\System32\bcryptPrimitives.dll
0x00007fff6bcb0000 - 0x00007fff6bcde000 	C:\Windows\System32\IMM32.DLL
0x00000000593f0000 - 0x00000000594c2000 	C:\Program Files\Android\Android Studio\jre\jre\bin\msvcr100.dll
0x0000000056340000 - 0x0000000056b86000 	C:\Program Files\Android\Android Studio\jre\jre\bin\server\jvm.dll
0x00007fff6bcf0000 - 0x00007fff6bcf8000 	C:\Windows\System32\PSAPI.DLL
0x00007fff66ac0000 - 0x00007fff66ac9000 	C:\Windows\SYSTEM32\WSOCK32.dll
0x00007fff6c550000 - 0x00007fff6c5bd000 	C:\Windows\System32\WS2_32.dll
0x00007fff665e0000 - 0x00007fff66604000 	C:\Windows\SYSTEM32\WINMM.dll
0x00007fff5b610000 - 0x00007fff5b61a000 	C:\Windows\SYSTEM32\VERSION.dll
0x00007fff665b0000 - 0x00007fff665dd000 	C:\Windows\SYSTEM32\WINMMBASE.dll
0x00007fff69b50000 - 0x00007fff69b9a000 	C:\Windows\System32\cfgmgr32.dll
0x00007fff64f10000 - 0x00007fff64f1f000 	C:\Program Files\Android\Android Studio\jre\jre\bin\verify.dll
0x00007fff62410000 - 0x00007fff62439000 	C:\Program Files\Android\Android Studio\jre\jre\bin\java.dll
0x00007fff621b0000 - 0x00007fff621c6000 	C:\Program Files\Android\Android Studio\jre\jre\bin\zip.dll
0x00007fff69f70000 - 0x00007fff6b45f000 	C:\Windows\System32\SHELL32.dll
0x00007fff6c310000 - 0x00007fff6c3b8000 	C:\Windows\System32\shcore.dll
0x00007fff69160000 - 0x00007fff698aa000 	C:\Windows\System32\windows.storage.dll
0x00007fff68970000 - 0x00007fff68994000 	C:\Windows\System32\profapi.dll
0x00007fff689a0000 - 0x00007fff689fd000 	C:\Windows\System32\powrprof.dll
0x00007fff6c440000 - 0x00007fff6c492000 	C:\Windows\System32\shlwapi.dll
0x00007fff68a20000 - 0x00007fff68a31000 	C:\Windows\System32\kernel.appcore.dll
0x00007fff69b00000 - 0x00007fff69b17000 	C:\Windows\System32\cryptsp.dll
0x00007fff61ed0000 - 0x00007fff61eea000 	C:\Program Files\Android\Android Studio\jre\jre\bin\net.dll
0x00007fff5edc0000 - 0x00007fff5ef97000 	C:\Windows\SYSTEM32\urlmon.dll
0x00007fff5f150000 - 0x00007fff5f3f8000 	C:\Windows\SYSTEM32\iertutil.dll
0x00007fff68370000 - 0x00007fff6837c000 	C:\Windows\SYSTEM32\CRYPTBASE.DLL
0x00007fff681a0000 - 0x00007fff68207000 	C:\Windows\system32\mswsock.dll
0x00007fff61c90000 - 0x00007fff61ca3000 	C:\Program Files\Android\Android Studio\jre\jre\bin\nio.dll
0x00007fff52b40000 - 0x00007fff52b66000 	C:\Users\Alex\.gradle\native\29\windows-amd64\native-platform.dll
0x00007fff626f0000 - 0x00007fff626fd000 	C:\Program Files\Android\Android Studio\jre\jre\bin\management.dll
0x00007fff67d60000 - 0x00007fff67d93000 	C:\Windows\system32\rsaenh.dll
0x00007fff69b20000 - 0x00007fff69b46000 	C:\Windows\System32\bcrypt.dll
0x00007fff68870000 - 0x00007fff68898000 	C:\Windows\SYSTEM32\USERENV.dll
0x00007fff67f00000 - 0x00007fff67f3d000 	C:\Windows\SYSTEM32\IPHLPAPI.DLL
0x00007fff6bce0000 - 0x00007fff6bce8000 	C:\Windows\System32\NSI.dll
0x00007fff62c90000 - 0x00007fff62ca6000 	C:\Windows\SYSTEM32\dhcpcsvc6.DLL
0x00007fff62d10000 - 0x00007fff62d2c000 	C:\Windows\SYSTEM32\dhcpcsvc.DLL
0x00007fff67f40000 - 0x00007fff68006000 	C:\Windows\SYSTEM32\DNSAPI.dll

VM Arguments:
jvm_args: -Xmx1536m -Dfile.encoding=windows-1251 -Duser.country=RU -Duser.language=ru -Duser.variant 
java_command: org.gradle.launcher.daemon.bootstrap.GradleDaemon 5.4.1
java_class_path (initial): C:\Users\Alex\.gradle\wrapper\dists\gradle-5.4.1-all\3221gyojl5jsh0helicew7rwx\gradle-5.4.1\lib\gradle-launcher-5.4.1.jar
Launcher Type: SUN_STANDARD

Environment Variables:
PATH=C:\Windows\system32;C:\Windows;C:\Windows\System32\Wbem;C:\Windows\System32\WindowsPowerShell\v1.0\;C:\Windows\System32\OpenSSH\;C:\Program Files (x86)\ATI Technologies\ATI.ACE\Core-Static;C:\Users\Alex\AppData\Local\Microsoft\WindowsApps
USERNAME=Alex
OS=Windows_NT
PROCESSOR_IDENTIFIER=AMD64 Family 21 Model 19 Stepping 1, AuthenticAMD



---------------  S Y S T E M  ---------------

OS: Windows 10.0 , 64 bit Build 17763 (10.0.17763.292)

CPU:total 4 (initial active 4) (4 cores per cpu, 1 threads per core) family 21 model 19 stepping 1, cmov, cx8, fxsr, mmx, sse, sse2, sse3, ssse3, sse4.1, sse4.2, popcnt, avx, aes, clmul, mmxext, 3dnowpref, lzcnt, sse4a, tsc, tscinvbit, tscinv, bmi1

Memory: 4k page, physical 7541476k(1741488k free), swap 8360676k(2352k free)

vm_info: OpenJDK 64-Bit Server VM (25.212-b04) for windows-amd64 JRE (1.8.0_212-release-1586-b04), built by "builder" with MS VC++ 10.0 (VS2010)

time: Fri Feb 28 00:28:44 2020
timezone: Финляндия (зима)
elapsed time: 13 seconds (0d 0h 0m 13s)

