#
# There is insufficient memory for the Java Runtime Environment to continue.
# Native memory allocation (malloc) failed to allocate 65552 bytes for Chunk::new
# Possible reasons:
#   The system is out of physical RAM or swap space
#   The process is running with CompressedOops enabled, and the Java Heap may be blocking the growth of the native heap
# Possible solutions:
#   Reduce memory load on the system
#   Increase physical memory or swap space
#   Check if swap backing store is full
#   Decrease Java heap size (-Xmx/-Xms)
#   Decrease number of Java threads
#   Decrease Java thread stack sizes (-Xss)
#   Set larger code cache with -XX:ReservedCodeCacheSize=
#   JVM is running with Unscaled Compressed Oops mode in which the Java heap is
#     placed in the first 4GB address space. The Java Heap base address is the
#     maximum limit for the native heap growth. Please use -XX:HeapBaseMinAddress
#     to set the Java Heap base and to place the Java Heap above 4GB virtual address.
# This output file may be truncated or incomplete.
#
#  Out of Memory Error (allocation.cpp:389), pid=8872, tid=0x0000000000001ca8
#
# JRE version: OpenJDK Runtime Environment (8.0_212-b04) (build 1.8.0_212-release-1586-b04)
# Java VM: OpenJDK 64-Bit Server VM (25.212-b04 mixed mode windows-amd64 compressed oops)
# Failed to write core dump. Minidumps are not enabled by default on client versions of Windows
#

---------------  T H R E A D  ---------------

Current thread (0x0000000016054000):  JavaThread "C2 CompilerThread0" daemon [_thread_in_native, id=7336, stack(0x00000000176c0000,0x00000000177c0000)]

Stack: [0x00000000176c0000,0x00000000177c0000]
[error occurred during error reporting (printing stack bounds), id 0xc0000005]

Native frames: (J=compiled Java code, j=interpreted, Vv=VM code, C=native code)


Current CompileTask:
C2:   5737 2411       4       org.objectweb.asm.Frame::execute (2318 bytes)


---------------  P R O C E S S  ---------------

Java Threads: ( => current thread )
  0x0000000019be7000 JavaThread "Cache worker for execution history cache (C:\Users\Alex\.gradle\caches\5.6.4\executionHistory)" [_thread_blocked, id=3464, stack(0x00000000201b0000,0x00000000202b0000)]
  0x0000000019be8000 JavaThread "Cache worker for cache directory md-rule (C:\Users\Alex\.gradle\caches\5.6.4\md-rule)" [_thread_blocked, id=8368, stack(0x000000001f0e0000,0x000000001f1e0000)]
  0x0000000019bed000 JavaThread "Cache worker for cache directory md-supplier (C:\Users\Alex\.gradle\caches\5.6.4\md-supplier)" [_thread_blocked, id=8916, stack(0x000000001efe0000,0x000000001f0e0000)]
  0x0000000019be8800 JavaThread "Cache worker for file hash cache (C:\ANDROID\ToDoproject\ToDoproject\.gradle\5.6.4\fileHashes)" [_thread_blocked, id=8048, stack(0x000000001e2e0000,0x000000001e3e0000)]
  0x0000000019bea000 JavaThread "Cache worker for journal cache (C:\Users\Alex\.gradle\caches\journal-1)" [_thread_blocked, id=9112, stack(0x000000001bbf0000,0x000000001bcf0000)]
  0x00000000194bf000 JavaThread "File lock request listener" [_thread_in_native, id=936, stack(0x000000001baf0000,0x000000001bbf0000)]
  0x0000000019d67000 JavaThread "Cache worker for file hash cache (C:\Users\Alex\.gradle\caches\5.6.4\fileHashes)" [_thread_blocked, id=8376, stack(0x000000001b9f0000,0x000000001baf0000)]
  0x00000000181ac800 JavaThread "Thread-9" [_thread_blocked, id=6808, stack(0x000000001b8f0000,0x000000001b9f0000)]
  0x00000000181ab800 JavaThread "Stdin handler" [_thread_blocked, id=7760, stack(0x000000001b7f0000,0x000000001b8f0000)]
  0x00000000181aa800 JavaThread "Asynchronous log dispatcher for DefaultDaemonConnection: socket connection from /127.0.0.1:55051 to /127.0.0.1:55052" [_thread_blocked, id=7064, stack(0x000000001b6f0000,0x000000001b7f0000)]
  0x00000000194cf800 JavaThread "Daemon worker" [_thread_in_vm, id=7128, stack(0x000000001b5f0000,0x000000001b6f0000)]
  0x00000000194cb800 JavaThread "Cancel handler" [_thread_blocked, id=3636, stack(0x000000001b4f0000,0x000000001b5f0000)]
  0x000000001978c000 JavaThread "Handler for socket connection from /127.0.0.1:55051 to /127.0.0.1:55052" [_thread_in_native, id=8724, stack(0x000000001b1f0000,0x000000001b2f0000)]
  0x0000000019b30000 JavaThread "Daemon" [_thread_blocked, id=6852, stack(0x000000001b0f0000,0x000000001b1f0000)]
  0x0000000019acd800 JavaThread "Daemon periodic checks" [_thread_blocked, id=7288, stack(0x000000001aff0000,0x000000001b0f0000)]
  0x0000000019ab0000 JavaThread "Incoming local TCP Connector on port 55051" [_thread_in_native, id=772, stack(0x000000001ada0000,0x000000001aea0000)]
  0x00000000199bb800 JavaThread "Daemon health stats" [_thread_blocked, id=5512, stack(0x000000001a760000,0x000000001a860000)]
  0x00000000179f8800 JavaThread "Service Thread" daemon [_thread_blocked, id=7436, stack(0x0000000017dc0000,0x0000000017ec0000)]
  0x000000001606a800 JavaThread "C1 CompilerThread2" daemon [_thread_blocked, id=5660, stack(0x00000000178c0000,0x00000000179c0000)]
  0x0000000016063000 JavaThread "C2 CompilerThread1" daemon [_thread_in_native, id=3740, stack(0x00000000177c0000,0x00000000178c0000)]
=>0x0000000016054000 JavaThread "C2 CompilerThread0" daemon [_thread_in_native, id=7336, stack(0x00000000176c0000,0x00000000177c0000)]
  0x0000000016053000 JavaThread "Attach Listener" daemon [_thread_blocked, id=5560, stack(0x00000000175c0000,0x00000000176c0000)]
  0x0000000016055800 JavaThread "Signal Dispatcher" daemon [_thread_blocked, id=7340, stack(0x00000000174c0000,0x00000000175c0000)]
  0x000000000267b000 JavaThread "Finalizer" daemon [_thread_blocked, id=9036, stack(0x00000000172c0000,0x00000000173c0000)]
  0x0000000016039000 JavaThread "Reference Handler" daemon [_thread_blocked, id=464, stack(0x00000000171c0000,0x00000000172c0000)]
  0x000000000088d800 JavaThread "main" [_thread_blocked, id=8240, stack(0x0000000000cc0000,0x0000000000dc0000)]

Other Threads:
  0x0000000016016000 VMThread [stack: 0x00000000170c0000,0x00000000171c0000] [id=4000]
  0x00000000160ad000 WatcherThread [stack: 0x0000000017ec0000,0x0000000017fc0000] [id=2224]

VM state:not at safepoint (normal execution)

VM Mutex/Monitor currently owned by a thread: None

heap address: 0x00000000a0000000, size: 1536 MB, Compressed Oops mode: 32-bit
Narrow klass base: 0x0000000000000000, Narrow klass shift: 3
Compressed class space size: 1073741824 Address: 0x0000000100000000

Heap:
 PSYoungGen      total 132096K, used 17463K [0x00000000e0000000, 0x00000000eda00000, 0x0000000100000000)
  eden space 120832K, 5% used [0x00000000e0000000,0x00000000e0611970,0x00000000e7600000)
  from space 11264K, 99% used [0x00000000e7600000,0x00000000e80fc4f0,0x00000000e8100000)
  to   space 13312K, 0% used [0x00000000ecd00000,0x00000000ecd00000,0x00000000eda00000)
 ParOldGen       total 55296K, used 8785K [0x00000000a0000000, 0x00000000a3600000, 0x00000000e0000000)
  object space 55296K, 15% used [0x00000000a0000000,0x00000000a08944f8,0x00000000a3600000)
 Metaspace       used 31688K, capacity 32244K, committed 32512K, reserved 1077248K
  class space    used 4350K, capacity 4559K, committed 4608K, reserved 1048576K

Card table byte_map: [0x0000000011aa0000,0x0000000011db0000] byte_map_base: 0x00000000115a0000

Marking Bits: (ParMarkBitMap*) 0x000000005a6c9f30
 Begin Bits: [0x00000000123b0000, 0x0000000013bb0000)
 End Bits:   [0x0000000013bb0000, 0x00000000153b0000)

Polling page: 0x0000000000860000

CodeCache: size=245760Kb used=9485Kb max_used=9485Kb free=236274Kb
 bounds [0x00000000026e0000, 0x0000000003030000, 0x00000000116e0000]
 total_blobs=3096 nmethods=2418 adapters=592
 compilation: enabled

Compilation events (10 events):
Event: 5.696 Thread 0x000000001606a800 2419       3       java.beans.PropertyDescriptor::setPropertyType (9 bytes)
Event: 5.696 Thread 0x000000001606a800 nmethod 2419 0x0000000002fd5550 code [0x0000000002fd56e0, 0x0000000002fd5a68]
Event: 5.696 Thread 0x000000001606a800 2420       3       com.google.common.collect.Hashing::closedTableSize (37 bytes)
Event: 5.697 Thread 0x000000001606a800 nmethod 2420 0x0000000002fd4fd0 code [0x0000000002fd5160, 0x0000000002fd5468]
Event: 5.713 Thread 0x000000001606a800 2422       2       java.nio.charset.CharsetEncoder::implReset (1 bytes)
Event: 5.713 Thread 0x000000001606a800 nmethod 2422 0x0000000002fd4cd0 code [0x0000000002fd4e20, 0x0000000002fd4f70]
Event: 5.714 Thread 0x000000001606a800 2423       3       org.objectweb.asm.ByteVector::enlarge (51 bytes)
Event: 5.715 Thread 0x000000001606a800 nmethod 2423 0x0000000002fd2f10 code [0x0000000002fd3080, 0x0000000002fd33a8]
Event: 5.716 Thread 0x000000001606a800 2424       3       org.gradle.model.internal.asm.AsmClassGeneratorUtils::visitType (417 bytes)
Event: 5.722 Thread 0x000000001606a800 nmethod 2424 0x0000000003023210 code [0x0000000003023a40, 0x0000000003029918]

GC Heap History (10 events):
Event: 2.334 GC heap before
{Heap before GC invocations=4 (full 0):
 PSYoungGen      total 34816K, used 34816K [0x00000000e0000000, 0x00000000e4400000, 0x0000000100000000)
  eden space 30208K, 100% used [0x00000000e0000000,0x00000000e1d80000,0x00000000e1d80000)
  from space 4608K, 100% used [0x00000000e1d80000,0x00000000e2200000,0x00000000e2200000)
  to   space 4608K, 0% used [0x00000000e3f80000,0x00000000e3f80000,0x00000000e4400000)
 ParOldGen       total 79360K, used 1280K [0x00000000a0000000, 0x00000000a4d80000, 0x00000000e0000000)
  object space 79360K, 1% used [0x00000000a0000000,0x00000000a01403a0,0x00000000a4d80000)
 Metaspace       used 14283K, capacity 14690K, committed 14976K, reserved 1062912K
  class space    used 1987K, capacity 2131K, committed 2176K, reserved 1048576K
Event: 2.348 GC heap after
Heap after GC invocations=4 (full 0):
 PSYoungGen      total 65024K, used 4592K [0x00000000e0000000, 0x00000000e4400000, 0x0000000100000000)
  eden space 60416K, 0% used [0x00000000e0000000,0x00000000e0000000,0x00000000e3b00000)
  from space 4608K, 99% used [0x00000000e3f80000,0x00000000e43fc010,0x00000000e4400000)
  to   space 4608K, 0% used [0x00000000e3b00000,0x00000000e3b00000,0x00000000e3f80000)
 ParOldGen       total 79360K, used 3997K [0x00000000a0000000, 0x00000000a4d80000, 0x00000000e0000000)
  object space 79360K, 5% used [0x00000000a0000000,0x00000000a03e76d0,0x00000000a4d80000)
 Metaspace       used 14283K, capacity 14690K, committed 14976K, reserved 1062912K
  class space    used 1987K, capacity 2131K, committed 2176K, reserved 1048576K
}
Event: 3.514 GC heap before
{Heap before GC invocations=5 (full 0):
 PSYoungGen      total 65024K, used 65008K [0x00000000e0000000, 0x00000000e4400000, 0x0000000100000000)
  eden space 60416K, 100% used [0x00000000e0000000,0x00000000e3b00000,0x00000000e3b00000)
  from space 4608K, 99% used [0x00000000e3f80000,0x00000000e43fc010,0x00000000e4400000)
  to   space 4608K, 0% used [0x00000000e3b00000,0x00000000e3b00000,0x00000000e3f80000)
 ParOldGen       total 79360K, used 3997K [0x00000000a0000000, 0x00000000a4d80000, 0x00000000e0000000)
  object space 79360K, 5% used [0x00000000a0000000,0x00000000a03e76d0,0x00000000a4d80000)
 Metaspace       used 19346K, capacity 19876K, committed 20224K, reserved 1067008K
  class space    used 2799K, capacity 3002K, committed 3072K, reserved 1048576K
Event: 3.534 GC heap after
Heap after GC invocations=5 (full 0):
 PSYoungGen      total 65024K, used 4596K [0x00000000e0000000, 0x00000000e8d00000, 0x0000000100000000)
  eden space 60416K, 0% used [0x00000000e0000000,0x00000000e0000000,0x00000000e3b00000)
  from space 4608K, 99% used [0x00000000e3b00000,0x00000000e3f7d040,0x00000000e3f80000)
  to   space 11776K, 0% used [0x00000000e8180000,0x00000000e8180000,0x00000000e8d00000)
 ParOldGen       total 79360K, used 10522K [0x00000000a0000000, 0x00000000a4d80000, 0x00000000e0000000)
  object space 79360K, 13% used [0x00000000a0000000,0x00000000a0a46990,0x00000000a4d80000)
 Metaspace       used 19346K, capacity 19876K, committed 20224K, reserved 1067008K
  class space    used 2799K, capacity 3002K, committed 3072K, reserved 1048576K
}
Event: 3.713 GC heap before
{Heap before GC invocations=6 (full 0):
 PSYoungGen      total 65024K, used 15288K [0x00000000e0000000, 0x00000000e8d00000, 0x0000000100000000)
  eden space 60416K, 17% used [0x00000000e0000000,0x00000000e0a71300,0x00000000e3b00000)
  from space 4608K, 99% used [0x00000000e3b00000,0x00000000e3f7d040,0x00000000e3f80000)
  to   space 11776K, 0% used [0x00000000e8180000,0x00000000e8180000,0x00000000e8d00000)
 ParOldGen       total 79360K, used 10522K [0x00000000a0000000, 0x00000000a4d80000, 0x00000000e0000000)
  object space 79360K, 13% used [0x00000000a0000000,0x00000000a0a46990,0x00000000a4d80000)
 Metaspace       used 20645K, capacity 21138K, committed 21296K, reserved 1067008K
  class space    used 2982K, capacity 3165K, committed 3200K, reserved 1048576K
Event: 3.723 GC heap after
Heap after GC invocations=6 (full 0):
 PSYoungGen      total 131584K, used 6165K [0x00000000e0000000, 0x00000000e8c00000, 0x0000000100000000)
  eden space 120832K, 0% used [0x00000000e0000000,0x00000000e0000000,0x00000000e7600000)
  from space 10752K, 57% used [0x00000000e8180000,0x00000000e8785608,0x00000000e8c00000)
  to   space 11264K, 0% used [0x00000000e7600000,0x00000000e7600000,0x00000000e8100000)
 ParOldGen       total 79360K, used 10530K [0x00000000a0000000, 0x00000000a4d80000, 0x00000000e0000000)
  object space 79360K, 13% used [0x00000000a0000000,0x00000000a0a48990,0x00000000a4d80000)
 Metaspace       used 20645K, capacity 21138K, committed 21296K, reserved 1067008K
  class space    used 2982K, capacity 3165K, committed 3200K, reserved 1048576K
}
Event: 3.723 GC heap before
{Heap before GC invocations=7 (full 1):
 PSYoungGen      total 131584K, used 6165K [0x00000000e0000000, 0x00000000e8c00000, 0x0000000100000000)
  eden space 120832K, 0% used [0x00000000e0000000,0x00000000e0000000,0x00000000e7600000)
  from space 10752K, 57% used [0x00000000e8180000,0x00000000e8785608,0x00000000e8c00000)
  to   space 11264K, 0% used [0x00000000e7600000,0x00000000e7600000,0x00000000e8100000)
 ParOldGen       total 79360K, used 10530K [0x00000000a0000000, 0x00000000a4d80000, 0x00000000e0000000)
  object space 79360K, 13% used [0x00000000a0000000,0x00000000a0a48990,0x00000000a4d80000)
 Metaspace       used 20645K, capacity 21138K, committed 21296K, reserved 1067008K
  class space    used 2982K, capacity 3165K, committed 3200K, reserved 1048576K
Event: 3.774 GC heap after
Heap after GC invocations=7 (full 1):
 PSYoungGen      total 131584K, used 0K [0x00000000e0000000, 0x00000000e8c00000, 0x0000000100000000)
  eden space 120832K, 0% used [0x00000000e0000000,0x00000000e0000000,0x00000000e7600000)
  from space 10752K, 0% used [0x00000000e8180000,0x00000000e8180000,0x00000000e8c00000)
  to   space 11264K, 0% used [0x00000000e7600000,0x00000000e7600000,0x00000000e8100000)
 ParOldGen       total 55296K, used 8096K [0x00000000a0000000, 0x00000000a3600000, 0x00000000e0000000)
  object space 55296K, 14% used [0x00000000a0000000,0x00000000a07e81a8,0x00000000a3600000)
 Metaspace       used 20645K, capacity 21138K, committed 21296K, reserved 1067008K
  class space    used 2982K, capacity 3165K, committed 3200K, reserved 1048576K
}
Event: 5.630 GC heap before
{Heap before GC invocations=8 (full 1):
 PSYoungGen      total 131584K, used 120832K [0x00000000e0000000, 0x00000000e8c00000, 0x0000000100000000)
  eden space 120832K, 100% used [0x00000000e0000000,0x00000000e7600000,0x00000000e7600000)
  from space 10752K, 0% used [0x00000000e8180000,0x00000000e8180000,0x00000000e8c00000)
  to   space 11264K, 0% used [0x00000000e7600000,0x00000000e7600000,0x00000000e8100000)
 ParOldGen       total 55296K, used 8096K [0x00000000a0000000, 0x00000000a3600000, 0x00000000e0000000)
  object space 55296K, 14% used [0x00000000a0000000,0x00000000a07e81a8,0x00000000a3600000)
 Metaspace       used 31543K, capacity 32116K, committed 32512K, reserved 1077248K
  class space    used 4327K, capacity 4559K, committed 4608K, reserved 1048576K
Event: 5.656 GC heap after
Heap after GC invocations=8 (full 1):
 PSYoungGen      total 132096K, used 11249K [0x00000000e0000000, 0x00000000eda00000, 0x0000000100000000)
  eden space 120832K, 0% used [0x00000000e0000000,0x00000000e0000000,0x00000000e7600000)
  from space 11264K, 99% used [0x00000000e7600000,0x00000000e80fc4f0,0x00000000e8100000)
  to   space 13312K, 0% used [0x00000000ecd00000,0x00000000ecd00000,0x00000000eda00000)
 ParOldGen       total 55296K, used 8785K [0x00000000a0000000, 0x00000000a3600000, 0x00000000e0000000)
  object space 55296K, 15% used [0x00000000a0000000,0x00000000a08944f8,0x00000000a3600000)
 Metaspace       used 31543K, capacity 32116K, committed 32512K, reserved 1077248K
  class space    used 4327K, capacity 4559K, committed 4608K, reserved 1048576K
}

Deoptimization events (10 events):
Event: 4.156 Thread 0x00000000194cf800 Uncommon trap: reason=class_check action=maybe_recompile pc=0x0000000002d05a04 method=sun.misc.URLClassPath.getLoader(I)Lsun/misc/URLClassPath$Loader; @ 239
Event: 4.168 Thread 0x00000000194cf800 Uncommon trap: reason=class_check action=maybe_recompile pc=0x0000000002d05a04 method=sun.misc.URLClassPath.getLoader(I)Lsun/misc/URLClassPath$Loader; @ 239
Event: 4.398 Thread 0x00000000194cf800 Uncommon trap: reason=unstable_if action=reinterpret pc=0x0000000002b7f100 method=java.util.HashMap.hash(Ljava/lang/Object;)I @ 1
Event: 4.475 Thread 0x00000000194cf800 Uncommon trap: reason=unstable_if action=reinterpret pc=0x000000000296e86c method=java.util.HashMap.getNode(ILjava/lang/Object;)Ljava/util/HashMap$Node; @ 53
Event: 4.475 Thread 0x00000000194cf800 Uncommon trap: reason=unstable_if action=reinterpret pc=0x0000000002b44fec method=java.util.HashMap.hash(Ljava/lang/Object;)I @ 1
Event: 4.518 Thread 0x00000000194cf800 Uncommon trap: reason=unstable_if action=reinterpret pc=0x0000000002acb970 method=java.util.LinkedHashMap.afterNodeInsertion(Z)V @ 1
Event: 4.594 Thread 0x00000000194cf800 Uncommon trap: reason=unstable_if action=reinterpret pc=0x0000000002f136a0 method=org.gradle.internal.reflect.PropertyAccessorType.isGetGetterName(Ljava/lang/String;)Z @ 14
Event: 4.731 Thread 0x00000000194cf800 Uncommon trap: reason=class_check action=maybe_recompile pc=0x0000000002d05834 method=sun.misc.URLClassPath.getLoader(I)Lsun/misc/URLClassPath$Loader; @ 94
Event: 4.886 Thread 0x00000000194cf800 Uncommon trap: reason=unstable_if action=reinterpret pc=0x0000000002993824 method=java.io.WinNTFileSystem.resolve(Ljava/lang/String;Ljava/lang/String;)Ljava/lang/String; @ 49
Event: 5.657 Thread 0x0000000016039000 Uncommon trap: reason=unstable_if action=reinterpret pc=0x0000000002bb2e0c method=java.lang.ref.Reference.tryHandlePending(Z)Z @ 104

Classes redefined (0 events):
No events

Internal exceptions (10 events):
Event: 5.001 Thread 0x00000000194cf800 Exception <a 'java/lang/ClassNotFoundException': org/gradle/api/internal/DefaultDomainObjectCollectionCustomizer> (0x00000000e5062498) thrown at [D:\src\AOSP-openjdk-cygwin\jdk8u\hotspot\src\share\vm\classfile\systemDictionary.cpp, line 210]
Event: 5.004 Thread 0x00000000194cf800 Exception <a 'java/lang/ClassNotFoundException': org/gradle/api/internal/DefaultNamedDomainObjectCollectionCustomizer> (0x00000000e50c0280) thrown at [D:\src\AOSP-openjdk-cygwin\jdk8u\hotspot\src\share\vm\classfile\systemDictionary.cpp, line 210]
Event: 5.014 Thread 0x00000000194cf800 Exception <a 'java/lang/ClassNotFoundException': org/gradle/api/internal/DefaultNamedDomainObjectListCustomizer> (0x00000000e5133df0) thrown at [D:\src\AOSP-openjdk-cygwin\jdk8u\hotspot\src\share\vm\classfile\systemDictionary.cpp, line 210]
Event: 5.017 Thread 0x00000000194cf800 Exception <a 'java/lang/ClassNotFoundException': org/gradle/api/internal/artifacts/DefaultArtifactRepositoryContainerCustomizer> (0x00000000e51a95a0) thrown at [D:\src\AOSP-openjdk-cygwin\jdk8u\hotspot\src\share\vm\classfile\systemDictionary.cpp, line 210
Event: 5.020 Thread 0x00000000194cf800 Exception <a 'java/lang/ClassNotFoundException': org/gradle/api/internal/artifacts/dsl/DefaultRepositoryHandlerCustomizer> (0x00000000e520f240) thrown at [D:\src\AOSP-openjdk-cygwin\jdk8u\hotspot\src\share\vm\classfile\systemDictionary.cpp, line 210]
Event: 5.029 Thread 0x00000000194cf800 Exception <a 'java/lang/ClassNotFoundException': org/gradle/api/internal/artifacts/dsl/DefaultRepositoryHandler_DecoratedCustomizer> (0x00000000e528b580) thrown at [D:\src\AOSP-openjdk-cygwin\jdk8u\hotspot\src\share\vm\classfile\systemDictionary.cpp, line
Event: 5.682 Thread 0x00000000194cf800 Exception <a 'java/lang/ClassNotFoundException': org/gradle/api/internal/artifacts/dsl/dependencies/DefaultDependencyHandler_DecoratedBeanInfo> (0x00000000e02671c0) thrown at [D:\src\AOSP-openjdk-cygwin\jdk8u\hotspot\src\share\vm\classfile\systemDictionar
Event: 5.683 Thread 0x00000000194cf800 Exception <a 'java/lang/ClassNotFoundException': org/gradle/api/internal/artifacts/dsl/dependencies/DefaultDependencyHandlerBeanInfo> (0x00000000e02bfe70) thrown at [D:\src\AOSP-openjdk-cygwin\jdk8u\hotspot\src\share\vm\classfile\systemDictionary.cpp, lin
Event: 5.685 Thread 0x00000000194cf800 Exception <a 'java/lang/ClassNotFoundException': org/gradle/api/internal/artifacts/dsl/dependencies/DefaultDependencyHandlerCustomizer> (0x00000000e03199a8) thrown at [D:\src\AOSP-openjdk-cygwin\jdk8u\hotspot\src\share\vm\classfile\systemDictionary.cpp, l
Event: 5.689 Thread 0x00000000194cf800 Exception <a 'java/lang/ClassNotFoundException': org/gradle/api/internal/artifacts/dsl/dependencies/DefaultDependencyHandler_DecoratedCustomizer> (0x00000000e03a8fa0) thrown at [D:\src\AOSP-openjdk-cygwin\jdk8u\hotspot\src\share\vm\classfile\systemDiction

Events (10 events):
Event: 5.707 loading class org/gradle/api/internal/artifacts/VersionConstraintInternal
Event: 5.707 loading class org/gradle/api/internal/artifacts/VersionConstraintInternal done
Event: 5.707 loading class org/gradle/api/artifacts/MutableVersionConstraint
Event: 5.707 loading class org/gradle/api/artifacts/MutableVersionConstraint done
Event: 5.708 loading class org/gradle/api/internal/artifacts/dependencies/AbstractVersionConstraint
Event: 5.708 loading class org/gradle/api/internal/artifacts/dependencies/AbstractVersionConstraint done
Event: 5.732 loading class org/gradle/api/internal/artifacts/ImmutableVersionConstraint
Event: 5.732 loading class org/gradle/api/internal/artifacts/ImmutableVersionConstraint done
Event: 5.733 loading class org/gradle/api/internal/artifacts/dsl/dependencies/ModuleFactoryHelper
Event: 5.733 loading class org/gradle/api/internal/artifacts/dsl/dependencies/ModuleFactoryHelper done


Dynamic libraries:
0x00007ff6fca40000 - 0x00007ff6fca71000 	C:\Program Files\Android\Android Studio\jre\bin\java.exe
0x00007ffe5df90000 - 0x00007ffe5e17d000 	C:\Windows\SYSTEM32\ntdll.dll
0x00007ffe5b1b0000 - 0x00007ffe5b263000 	C:\Windows\System32\KERNEL32.DLL
0x00007ffe5ace0000 - 0x00007ffe5af73000 	C:\Windows\System32\KERNELBASE.dll
0x00007ffe5b5a0000 - 0x00007ffe5b643000 	C:\Windows\System32\ADVAPI32.dll
0x00007ffe5c2b0000 - 0x00007ffe5c34e000 	C:\Windows\System32\msvcrt.dll
0x00007ffe5b6b0000 - 0x00007ffe5b74e000 	C:\Windows\System32\sechost.dll
0x00007ffe5baf0000 - 0x00007ffe5bc12000 	C:\Windows\System32\RPCRT4.dll
0x00007ffe5c110000 - 0x00007ffe5c2a7000 	C:\Windows\System32\USER32.dll
0x00007ffe5b060000 - 0x00007ffe5b080000 	C:\Windows\System32\win32u.dll
0x00007ffe5bfb0000 - 0x00007ffe5bfd9000 	C:\Windows\System32\GDI32.dll
0x00007ffe5aa50000 - 0x00007ffe5abe9000 	C:\Windows\System32\gdi32full.dll
0x00007ffe5abf0000 - 0x00007ffe5ac90000 	C:\Windows\System32\msvcp_win.dll
0x00007ffe5b080000 - 0x00007ffe5b17a000 	C:\Windows\System32\ucrtbase.dll
0x00007ffe4f030000 - 0x00007ffe4f2a9000 	C:\Windows\WinSxS\amd64_microsoft.windows.common-controls_6595b64144ccf1df_6.0.17763.1039_none_de701650534c7021\COMCTL32.dll
0x00007ffe5b270000 - 0x00007ffe5b59c000 	C:\Windows\System32\combase.dll
0x00007ffe5afe0000 - 0x00007ffe5b05e000 	C:\Windows\System32\bcryptPrimitives.dll
0x00007ffe5b860000 - 0x00007ffe5b88e000 	C:\Windows\System32\IMM32.DLL
0x0000000059d40000 - 0x0000000059e12000 	C:\Program Files\Android\Android Studio\jre\jre\bin\msvcr100.dll
0x0000000059f00000 - 0x000000005a746000 	C:\Program Files\Android\Android Studio\jre\jre\bin\server\jvm.dll
0x00007ffe5dad0000 - 0x00007ffe5dad8000 	C:\Windows\System32\PSAPI.DLL
0x00007ffe55300000 - 0x00007ffe5530a000 	C:\Windows\SYSTEM32\VERSION.dll
0x00007ffe4e130000 - 0x00007ffe4e139000 	C:\Windows\SYSTEM32\WSOCK32.dll
0x00007ffe56ba0000 - 0x00007ffe56bc4000 	C:\Windows\SYSTEM32\WINMM.dll
0x00007ffe56a90000 - 0x00007ffe56abd000 	C:\Windows\SYSTEM32\WINMMBASE.dll
0x00000000007d0000 - 0x000000000083d000 	C:\Windows\System32\ws2_32.DLL
0x00007ffe5ac90000 - 0x00007ffe5acda000 	C:\Windows\System32\cfgmgr32.dll
0x00007ffe4df30000 - 0x00007ffe4df3f000 	C:\Program Files\Android\Android Studio\jre\jre\bin\verify.dll
0x00007ffe38c30000 - 0x00007ffe38c59000 	C:\Program Files\Android\Android Studio\jre\jre\bin\java.dll
0x00007ffe3d040000 - 0x00007ffe3d056000 	C:\Program Files\Android\Android Studio\jre\jre\bin\zip.dll
0x00007ffe5c350000 - 0x00007ffe5d844000 	C:\Windows\System32\SHELL32.dll
0x00007ffe5b750000 - 0x00007ffe5b7f8000 	C:\Windows\System32\shcore.dll
0x00007ffe5a050000 - 0x00007ffe5a79d000 	C:\Windows\System32\windows.storage.dll
0x00007ffe59fa0000 - 0x00007ffe59fc4000 	C:\Windows\System32\profapi.dll
0x00007ffe59fd0000 - 0x00007ffe5a02d000 	C:\Windows\System32\powrprof.dll
0x00007ffe5d850000 - 0x00007ffe5d8a2000 	C:\Windows\System32\shlwapi.dll
0x00007ffe5a030000 - 0x00007ffe5a041000 	C:\Windows\System32\kernel.appcore.dll
0x00007ffe5a7a0000 - 0x00007ffe5a7b7000 	C:\Windows\System32\cryptsp.dll
0x00007ffe3c4a0000 - 0x00007ffe3c4ba000 	C:\Program Files\Android\Android Studio\jre\jre\bin\net.dll
0x00007ffe52f70000 - 0x00007ffe53148000 	C:\Windows\SYSTEM32\urlmon.dll
0x00007ffe52bc0000 - 0x00007ffe52e68000 	C:\Windows\SYSTEM32\iertutil.dll
0x00007ffe599c0000 - 0x00007ffe599cc000 	C:\Windows\SYSTEM32\CRYPTBASE.DLL
0x00007ffe597f0000 - 0x00007ffe59857000 	C:\Windows\system32\mswsock.dll
0x00007ffe39070000 - 0x00007ffe39083000 	C:\Program Files\Android\Android Studio\jre\jre\bin\nio.dll
0x00007ffe4d610000 - 0x00007ffe4d636000 	C:\Users\Alex\.gradle\native\30\windows-amd64\native-platform.dll
0x00007ffe4d170000 - 0x00007ffe4d17d000 	C:\Program Files\Android\Android Studio\jre\jre\bin\management.dll
0x00007ffe59370000 - 0x00007ffe593a3000 	C:\Windows\system32\rsaenh.dll
0x00007ffe5b180000 - 0x00007ffe5b1a6000 	C:\Windows\System32\bcrypt.dll
0x00007ffe59e80000 - 0x00007ffe59ea8000 	C:\Windows\SYSTEM32\USERENV.dll
0x00007ffe59510000 - 0x00007ffe5954d000 	C:\Windows\SYSTEM32\IPHLPAPI.DLL
0x00007ffe5d8b0000 - 0x00007ffe5d8b8000 	C:\Windows\System32\NSI.dll
0x00007ffe53b80000 - 0x00007ffe53b96000 	C:\Windows\SYSTEM32\dhcpcsvc6.DLL
0x00007ffe53b60000 - 0x00007ffe53b7c000 	C:\Windows\SYSTEM32\dhcpcsvc.DLL
0x00007ffe59550000 - 0x00007ffe59616000 	C:\Windows\SYSTEM32\DNSAPI.dll

VM Arguments:
jvm_args: -Xmx1536m -Dfile.encoding=windows-1251 -Duser.country=RU -Duser.language=ru -Duser.variant 
java_command: org.gradle.launcher.daemon.bootstrap.GradleDaemon 5.6.4
java_class_path (initial): C:\Users\Alex\.gradle\wrapper\dists\gradle-5.6.4-all\ankdp27end7byghfw1q2sw75f\gradle-5.6.4\lib\gradle-launcher-5.6.4.jar
Launcher Type: SUN_STANDARD

Environment Variables:
PATH=C:\Windows\system32;C:\Windows;C:\Windows\System32\Wbem;C:\Windows\System32\WindowsPowerShell\v1.0\;C:\Windows\System32\OpenSSH\;C:\Program Files (x86)\ATI Technologies\ATI.ACE\Core-Static;C:\Users\Alex\AppData\Local\Microsoft\WindowsApps;
USERNAME=Alex
OS=Windows_NT
PROCESSOR_IDENTIFIER=AMD64 Family 21 Model 19 Stepping 1, AuthenticAMD



---------------  S Y S T E M  ---------------

OS: Windows 10.0 , 64 bit Build 17763 (10.0.17763.475)

CPU:total 4 (initial active 4) (4 cores per cpu, 1 threads per core) family 21 model 19 stepping 1, cmov, cx8, fxsr, mmx, sse, sse2, sse3, ssse3, sse4.1, sse4.2, popcnt, avx, aes, clmul, mmxext, 3dnowpref, lzcnt, sse4a, tsc, tscinvbit, tscinv, bmi1

Memory: 4k page, physical 7541476k(1402296k free), swap 8360676k(5132k free)

vm_info: OpenJDK 64-Bit Server VM (25.212-b04) for windows-amd64 JRE (1.8.0_212-release-1586-b04), built by "builder" with MS VC++ 10.0 (VS2010)

time: Tue Mar 03 22:29:59 2020
timezone: Финляндия (зима)
elapsed time: 5 seconds (0d 0h 0m 5s)

