#
# There is insufficient memory for the Java Runtime Environment to continue.
# Native memory allocation (malloc) failed to allocate 32744 bytes for ChunkPool::allocate
# Possible reasons:
#   The system is out of physical RAM or swap space
#   The process is running with CompressedOops enabled, and the Java Heap may be blocking the growth of the native heap
# Possible solutions:
#   Reduce memory load on the system
#   Increase physical memory or swap space
#   Check if swap backing store is full
#   Decrease Java heap size (-Xmx/-Xms)
#   Decrease number of Java threads
#   Decrease Java thread stack sizes (-Xss)
#   Set larger code cache with -XX:ReservedCodeCacheSize=
#   JVM is running with Unscaled Compressed Oops mode in which the Java heap is
#     placed in the first 4GB address space. The Java Heap base address is the
#     maximum limit for the native heap growth. Please use -XX:HeapBaseMinAddress
#     to set the Java Heap base and to place the Java Heap above 4GB virtual address.
# This output file may be truncated or incomplete.
#
#  Out of Memory Error (allocation.cpp:272), pid=3304, tid=0x0000000000001ed8
#
# JRE version: OpenJDK Runtime Environment (8.0_212-b04) (build 1.8.0_212-release-1586-b04)
# Java VM: OpenJDK 64-Bit Server VM (25.212-b04 mixed mode windows-amd64 compressed oops)
# Failed to write core dump. Minidumps are not enabled by default on client versions of Windows
#

---------------  T H R E A D  ---------------

Current thread (0x0000000015a3a800):  JavaThread "C1 CompilerThread2" daemon [_thread_in_native, id=7896, stack(0x0000000017280000,0x0000000017380000)]

Stack: [0x0000000017280000,0x0000000017380000]
[error occurred during error reporting (printing stack bounds), id 0xc0000005]

Native frames: (J=compiled Java code, j=interpreted, Vv=VM code, C=native code)


Current CompileTask:
C1:   2818 1485       3       java.util.concurrent.locks.ReentrantLock$Sync::tryRelease (45 bytes)


---------------  P R O C E S S  ---------------

Java Threads: ( => current thread )
  0x0000000018317000 JavaThread "Cache worker for journal cache (C:\Users\Alex\.gradle\caches\journal-1)" [_thread_blocked, id=7320, stack(0x000000001a600000,0x000000001a700000)]
  0x000000001831a000 JavaThread "File lock request listener" [_thread_in_native, id=4288, stack(0x000000001a500000,0x000000001a600000)]
  0x00000000187db000 JavaThread "Cache worker for file hash cache (C:\Users\Alex\.gradle\caches\5.4.1\fileHashes)" [_thread_blocked, id=1468, stack(0x000000001a400000,0x000000001a500000)]
  0x0000000018c73800 JavaThread "Thread-9" [_thread_blocked, id=9116, stack(0x000000001a300000,0x000000001a400000)]
  0x0000000018c72000 JavaThread "Stdin handler" [_thread_blocked, id=5312, stack(0x000000001a200000,0x000000001a300000)]
  0x0000000018c70000 JavaThread "Asynchronous log dispatcher for DefaultDaemonConnection: socket connection from /127.0.0.1:53557 to /127.0.0.1:53558" [_thread_blocked, id=9404, stack(0x000000001a100000,0x000000001a200000)]
  0x0000000018c6f000 JavaThread "Daemon worker" [_thread_in_native, id=9320, stack(0x000000001a000000,0x000000001a100000)]
  0x00000000187b3800 JavaThread "Cancel handler" [_thread_blocked, id=9884, stack(0x0000000019f00000,0x000000001a000000)]
  0x000000001764e800 JavaThread "Handler for socket connection from /127.0.0.1:53557 to /127.0.0.1:53558" [_thread_in_native, id=9800, stack(0x0000000019c00000,0x0000000019d00000)]
  0x0000000017648800 JavaThread "Daemon" [_thread_blocked, id=4532, stack(0x0000000019b00000,0x0000000019c00000)]
  0x000000001742e000 JavaThread "Daemon periodic checks" [_thread_blocked, id=8116, stack(0x0000000019a00000,0x0000000019b00000)]
  0x0000000017afc800 JavaThread "Incoming local TCP Connector on port 53557" [_thread_in_native, id=2004, stack(0x00000000197b0000,0x00000000198b0000)]
  0x0000000017479000 JavaThread "Daemon health stats" [_thread_blocked, id=5328, stack(0x0000000019150000,0x0000000019250000)]
  0x00000000173b1800 JavaThread "Service Thread" daemon [_thread_blocked, id=8812, stack(0x0000000017780000,0x0000000017880000)]
=>0x0000000015a3a800 JavaThread "C1 CompilerThread2" daemon [_thread_in_native, id=7896, stack(0x0000000017280000,0x0000000017380000)]
  0x0000000015a2a000 JavaThread "C2 CompilerThread1" daemon [_thread_in_native, id=6728, stack(0x0000000017180000,0x0000000017280000)]
  0x0000000015a21800 JavaThread "C2 CompilerThread0" daemon [_thread_in_native, id=9832, stack(0x0000000017080000,0x0000000017180000)]
  0x0000000015a21000 JavaThread "Attach Listener" daemon [_thread_blocked, id=7640, stack(0x0000000016f80000,0x0000000017080000)]
  0x0000000015a27800 JavaThread "Signal Dispatcher" daemon [_thread_blocked, id=7556, stack(0x0000000016e80000,0x0000000016f80000)]
  0x000000000207c000 JavaThread "Finalizer" daemon [_thread_blocked, id=3888, stack(0x0000000016c70000,0x0000000016d70000)]
  0x0000000015a09800 JavaThread "Reference Handler" daemon [_thread_blocked, id=8316, stack(0x0000000016b70000,0x0000000016c70000)]
  0x0000000001e3d800 JavaThread "main" [_thread_blocked, id=548, stack(0x0000000001e80000,0x0000000001f80000)]

Other Threads:
  0x00000000159e6800 VMThread [stack: 0x0000000016a70000,0x0000000016b70000] [id=8660]
  0x00000000173b6000 WatcherThread [stack: 0x0000000017880000,0x0000000017980000] [id=8760]

VM state:not at safepoint (normal execution)

VM Mutex/Monitor currently owned by a thread: None

OutOfMemory and StackOverflow Exception counts:
OutOfMemoryError java_heap_errors=2

heap address: 0x00000000a0000000, size: 1536 MB, Compressed Oops mode: 32-bit
Narrow klass base: 0x0000000000000000, Narrow klass shift: 3
Compressed class space size: 1073741824 Address: 0x0000000100000000

Heap:
 PSYoungGen      total 65024K, used 16257K [0x00000000e0000000, 0x00000000e4400000, 0x0000000100000000)
  eden space 60416K, 19% used [0x00000000e0000000,0x00000000e0b64730,0x00000000e3b00000)
  from space 4608K, 99% used [0x00000000e3f80000,0x00000000e43fc010,0x00000000e4400000)
  to   space 4608K, 0% used [0x00000000e3b00000,0x00000000e3b00000,0x00000000e3f80000)
 ParOldGen       total 79360K, used 4899K [0x00000000a0000000, 0x00000000a4d80000, 0x00000000e0000000)
  object space 79360K, 6% used [0x00000000a0000000,0x00000000a04c8ef0,0x00000000a4d80000)
 Metaspace       used 16309K, capacity 16788K, committed 16896K, reserved 1062912K
  class space    used 2325K, capacity 2492K, committed 2560K, reserved 1048576K

Card table byte_map: [0x0000000011450000,0x0000000011760000] byte_map_base: 0x0000000010f50000

Marking Bits: (ParMarkBitMap*) 0x0000000056b09f30
 Begin Bits: [0x0000000011d60000, 0x0000000013560000)
 End Bits:   [0x0000000013560000, 0x0000000014d60000)

Polling page: 0x0000000001e20000

CodeCache: size=245760Kb used=5113Kb max_used=5113Kb free=240646Kb
 bounds [0x0000000002090000, 0x00000000025a0000, 0x0000000011090000]
 total_blobs=1875 nmethods=1478 adapters=311
 compilation: enabled

Compilation events (10 events):
Event: 2.797 Thread 0x0000000015a3a800 nmethod 1480 0x000000000258d3d0 code [0x000000000258d540, 0x000000000258d6c8]
Event: 2.800 Thread 0x0000000015a3a800 1481       3       java.util.regex.Pattern::RemoveQEQuoting (346 bytes)
Event: 2.801 Thread 0x0000000015a3a800 nmethod 1481 0x000000000258d750 code [0x000000000258d9a0, 0x000000000258ea98]
Event: 2.801 Thread 0x0000000015a3a800 1482       3       java.util.concurrent.locks.AbstractQueuedSynchronizer::compareAndSetState (13 bytes)
Event: 2.801 Thread 0x0000000015a3a800 nmethod 1482 0x000000000258f3d0 code [0x000000000258f520, 0x000000000258f690]
Event: 2.815 Thread 0x0000000015a3a800 1483       3       java.lang.StringCoding::deref (19 bytes)
Event: 2.816 Thread 0x0000000015a3a800 nmethod 1483 0x000000000258f710 code [0x000000000258f8a0, 0x000000000258fd48]
Event: 2.816 Thread 0x0000000015a3a800 1484       3       java.lang.Package::<init> (56 bytes)
Event: 2.816 Thread 0x0000000015a3a800 nmethod 1484 0x000000000258fe90 code [0x000000000258ffe0, 0x0000000002590250]
Event: 2.817 Thread 0x0000000015a3a800 1485       3       java.util.concurrent.locks.ReentrantLock$Sync::tryRelease (45 bytes)

GC Heap History (8 events):
Event: 1.023 GC heap before
{Heap before GC invocations=1 (full 0):
 PSYoungGen      total 34816K, used 30208K [0x00000000e0000000, 0x00000000e2680000, 0x0000000100000000)
  eden space 30208K, 100% used [0x00000000e0000000,0x00000000e1d80000,0x00000000e1d80000)
  from space 4608K, 0% used [0x00000000e2200000,0x00000000e2200000,0x00000000e2680000)
  to   space 4608K, 0% used [0x00000000e1d80000,0x00000000e1d80000,0x00000000e2200000)
 ParOldGen       total 79360K, used 0K [0x00000000a0000000, 0x00000000a4d80000, 0x00000000e0000000)
  object space 79360K, 0% used [0x00000000a0000000,0x00000000a0000000,0x00000000a4d80000)
 Metaspace       used 6946K, capacity 7122K, committed 7424K, reserved 1056768K
  class space    used 851K, capacity 910K, committed 1024K, reserved 1048576K
Event: 1.032 GC heap after
Heap after GC invocations=1 (full 0):
 PSYoungGen      total 34816K, used 4183K [0x00000000e0000000, 0x00000000e2680000, 0x0000000100000000)
  eden space 30208K, 0% used [0x00000000e0000000,0x00000000e0000000,0x00000000e1d80000)
  from space 4608K, 90% used [0x00000000e1d80000,0x00000000e2195c20,0x00000000e2200000)
  to   space 4608K, 0% used [0x00000000e2200000,0x00000000e2200000,0x00000000e2680000)
 ParOldGen       total 79360K, used 8K [0x00000000a0000000, 0x00000000a4d80000, 0x00000000e0000000)
  object space 79360K, 0% used [0x00000000a0000000,0x00000000a0002000,0x00000000a4d80000)
 Metaspace       used 6946K, capacity 7122K, committed 7424K, reserved 1056768K
  class space    used 851K, capacity 910K, committed 1024K, reserved 1048576K
}
Event: 1.415 GC heap before
{Heap before GC invocations=2 (full 0):
 PSYoungGen      total 34816K, used 34391K [0x00000000e0000000, 0x00000000e2680000, 0x0000000100000000)
  eden space 30208K, 100% used [0x00000000e0000000,0x00000000e1d80000,0x00000000e1d80000)
  from space 4608K, 90% used [0x00000000e1d80000,0x00000000e2195c20,0x00000000e2200000)
  to   space 4608K, 0% used [0x00000000e2200000,0x00000000e2200000,0x00000000e2680000)
 ParOldGen       total 79360K, used 8K [0x00000000a0000000, 0x00000000a4d80000, 0x00000000e0000000)
  object space 79360K, 0% used [0x00000000a0000000,0x00000000a0002000,0x00000000a4d80000)
 Metaspace       used 7716K, capacity 7980K, committed 8320K, reserved 1056768K
  class space    used 991K, capacity 1047K, committed 1152K, reserved 1048576K
Event: 1.422 GC heap after
Heap after GC invocations=2 (full 0):
 PSYoungGen      total 34816K, used 3821K [0x00000000e0000000, 0x00000000e4400000, 0x0000000100000000)
  eden space 30208K, 0% used [0x00000000e0000000,0x00000000e0000000,0x00000000e1d80000)
  from space 4608K, 82% used [0x00000000e2200000,0x00000000e25bb7a0,0x00000000e2680000)
  to   space 4608K, 0% used [0x00000000e1d80000,0x00000000e1d80000,0x00000000e2200000)
 ParOldGen       total 79360K, used 16K [0x00000000a0000000, 0x00000000a4d80000, 0x00000000e0000000)
  object space 79360K, 0% used [0x00000000a0000000,0x00000000a0004000,0x00000000a4d80000)
 Metaspace       used 7716K, capacity 7980K, committed 8320K, reserved 1056768K
  class space    used 991K, capacity 1047K, committed 1152K, reserved 1048576K
}
Event: 2.228 GC heap before
{Heap before GC invocations=3 (full 0):
 PSYoungGen      total 34816K, used 34029K [0x00000000e0000000, 0x00000000e4400000, 0x0000000100000000)
  eden space 30208K, 100% used [0x00000000e0000000,0x00000000e1d80000,0x00000000e1d80000)
  from space 4608K, 82% used [0x00000000e2200000,0x00000000e25bb7a0,0x00000000e2680000)
  to   space 4608K, 0% used [0x00000000e1d80000,0x00000000e1d80000,0x00000000e2200000)
 ParOldGen       total 79360K, used 16K [0x00000000a0000000, 0x00000000a4d80000, 0x00000000e0000000)
  object space 79360K, 0% used [0x00000000a0000000,0x00000000a0004000,0x00000000a4d80000)
 Metaspace       used 12556K, capacity 12926K, committed 13184K, reserved 1060864K
  class space    used 1717K, capacity 1839K, committed 1920K, reserved 1048576K
Event: 2.237 GC heap after
Heap after GC invocations=3 (full 0):
 PSYoungGen      total 34816K, used 4589K [0x00000000e0000000, 0x00000000e4400000, 0x0000000100000000)
  eden space 30208K, 0% used [0x00000000e0000000,0x00000000e0000000,0x00000000e1d80000)
  from space 4608K, 99% used [0x00000000e1d80000,0x00000000e21fb450,0x00000000e2200000)
  to   space 4608K, 0% used [0x00000000e3f80000,0x00000000e3f80000,0x00000000e4400000)
 ParOldGen       total 79360K, used 1817K [0x00000000a0000000, 0x00000000a4d80000, 0x00000000e0000000)
  object space 79360K, 2% used [0x00000000a0000000,0x00000000a01c6618,0x00000000a4d80000)
 Metaspace       used 12556K, capacity 12926K, committed 13184K, reserved 1060864K
  class space    used 1717K, capacity 1839K, committed 1920K, reserved 1048576K
}
Event: 2.615 GC heap before
{Heap before GC invocations=4 (full 0):
 PSYoungGen      total 34816K, used 34797K [0x00000000e0000000, 0x00000000e4400000, 0x0000000100000000)
  eden space 30208K, 100% used [0x00000000e0000000,0x00000000e1d80000,0x00000000e1d80000)
  from space 4608K, 99% used [0x00000000e1d80000,0x00000000e21fb450,0x00000000e2200000)
  to   space 4608K, 0% used [0x00000000e3f80000,0x00000000e3f80000,0x00000000e4400000)
 ParOldGen       total 79360K, used 1817K [0x00000000a0000000, 0x00000000a4d80000, 0x00000000e0000000)
  object space 79360K, 2% used [0x00000000a0000000,0x00000000a01c6618,0x00000000a4d80000)
 Metaspace       used 15217K, capacity 15668K, committed 16000K, reserved 1062912K
  class space    used 2163K, capacity 2332K, committed 2432K, reserved 1048576K
Event: 2.631 GC heap after
Heap after GC invocations=4 (full 0):
 PSYoungGen      total 65024K, used 4592K [0x00000000e0000000, 0x00000000e4400000, 0x0000000100000000)
  eden space 60416K, 0% used [0x00000000e0000000,0x00000000e0000000,0x00000000e3b00000)
  from space 4608K, 99% used [0x00000000e3f80000,0x00000000e43fc010,0x00000000e4400000)
  to   space 4608K, 0% used [0x00000000e3b00000,0x00000000e3b00000,0x00000000e3f80000)
 ParOldGen       total 79360K, used 4899K [0x00000000a0000000, 0x00000000a4d80000, 0x00000000e0000000)
  object space 79360K, 6% used [0x00000000a0000000,0x00000000a04c8ef0,0x00000000a4d80000)
 Metaspace       used 15217K, capacity 15668K, committed 16000K, reserved 1062912K
  class space    used 2163K, capacity 2332K, committed 2432K, reserved 1048576K
}

Deoptimization events (10 events):
Event: 1.909 Thread 0x000000001764e800 Uncommon trap: reason=unstable_if action=reinterpret pc=0x0000000002466600 method=java.util.concurrent.ConcurrentHashMap.putVal(Ljava/lang/Object;Ljava/lang/Object;Z)Ljava/lang/Object; @ 206
Event: 2.085 Thread 0x0000000018c6f000 Uncommon trap: reason=bimorphic action=maybe_recompile pc=0x000000000231778c method=java.util.HashMap.putVal(ILjava/lang/Object;Ljava/lang/Object;ZZ)Ljava/lang/Object; @ 253
Event: 2.085 Thread 0x0000000018c6f000 Uncommon trap: reason=bimorphic action=maybe_recompile pc=0x000000000231778c method=java.util.HashMap.putVal(ILjava/lang/Object;Ljava/lang/Object;ZZ)Ljava/lang/Object; @ 253
Event: 2.086 Thread 0x0000000018c6f000 Uncommon trap: reason=bimorphic action=maybe_recompile pc=0x000000000231778c method=java.util.HashMap.putVal(ILjava/lang/Object;Ljava/lang/Object;ZZ)Ljava/lang/Object; @ 253
Event: 2.086 Thread 0x0000000018c6f000 Uncommon trap: reason=bimorphic action=maybe_recompile pc=0x000000000231eebc method=java.util.HashMap.putVal(ILjava/lang/Object;Ljava/lang/Object;ZZ)Ljava/lang/Object; @ 253
Event: 2.307 Thread 0x0000000018c6f000 Uncommon trap: reason=class_check action=maybe_recompile pc=0x0000000002373a5c method=java.util.regex.Matcher.match(II)Z @ 86
Event: 2.319 Thread 0x0000000018c6f000 Uncommon trap: reason=class_check action=maybe_recompile pc=0x0000000002373a5c method=java.util.regex.Matcher.match(II)Z @ 86
Event: 2.319 Thread 0x0000000018c6f000 Uncommon trap: reason=class_check action=maybe_recompile pc=0x0000000002373a5c method=java.util.regex.Matcher.match(II)Z @ 86
Event: 2.319 Thread 0x0000000018c6f000 Uncommon trap: reason=class_check action=maybe_recompile pc=0x0000000002327988 method=java.util.regex.Matcher.match(II)Z @ 86
Event: 2.574 Thread 0x0000000018c6f000 Uncommon trap: reason=unstable_if action=reinterpret pc=0x000000000245de3c method=java.lang.String.lastIndexOf([CII[CIII)I @ 66

Classes redefined (0 events):
No events

Internal exceptions (10 events):
Event: 1.930 Thread 0x000000001764e800 Exception <a 'java/lang/NoSuchMethodError': <clinit>> (0x00000000e0f74618) thrown at [D:\src\AOSP-openjdk-cygwin\jdk8u\hotspot\src\share\vm\prims\jni.cpp, line 1614]
Event: 1.931 Thread 0x000000001764e800 Exception <a 'java/lang/NoSuchMethodError': <clinit>> (0x00000000e0f7d2a8) thrown at [D:\src\AOSP-openjdk-cygwin\jdk8u\hotspot\src\share\vm\prims\jni.cpp, line 1614]
Event: 1.933 Thread 0x000000001764e800 Exception <a 'java/lang/NoSuchMethodError': <clinit>> (0x00000000e0f93850) thrown at [D:\src\AOSP-openjdk-cygwin\jdk8u\hotspot\src\share\vm\prims\jni.cpp, line 1614]
Event: 1.956 Thread 0x000000001764e800 Exception <a 'java/lang/NoSuchMethodError': <clinit>> (0x00000000e0ffbbe0) thrown at [D:\src\AOSP-openjdk-cygwin\jdk8u\hotspot\src\share\vm\prims\jni.cpp, line 1614]
Event: 1.976 Thread 0x000000001764e800 Exception <a 'java/lang/NoSuchMethodError': <clinit>> (0x00000000e1028708) thrown at [D:\src\AOSP-openjdk-cygwin\jdk8u\hotspot\src\share\vm\prims\jni.cpp, line 1614]
Event: 1.993 Thread 0x000000001764e800 Exception <a 'java/lang/NoSuchMethodError': <clinit>> (0x00000000e1045f38) thrown at [D:\src\AOSP-openjdk-cygwin\jdk8u\hotspot\src\share\vm\prims\jni.cpp, line 1614]
Event: 2.816 Thread 0x0000000018c6f000 Exception <a 'java/lang/OutOfMemoryError'> (0x00000000e0b45458) thrown at [D:\src\AOSP-openjdk-cygwin\jdk8u\hotspot\src\share\vm\prims\jni.cpp, line 736]
Event: 2.816 Thread 0x0000000018c6f000 Exception <a 'java/lang/OutOfMemoryError'> (0x00000000e0b45458) thrown at [D:\src\AOSP-openjdk-cygwin\jdk8u\hotspot\src\share\vm\prims\jvm.cpp, line 1506]
Event: 2.816 Thread 0x0000000018c6f000 Exception <a 'java/lang/reflect/InvocationTargetException'> (0x00000000e0b45d18) thrown at [D:\src\AOSP-openjdk-cygwin\jdk8u\hotspot\src\share\vm\runtime\reflection.cpp, line 1092]
Event: 2.816 Thread 0x0000000018c6f000 Exception <a 'java/lang/reflect/InvocationTargetException'> (0x00000000e0b462f8) thrown at [D:\src\AOSP-openjdk-cygwin\jdk8u\hotspot\src\share\vm\runtime\reflection.cpp, line 1092]

Events (10 events):
Event: 2.811 loading class org/gradle/api/internal/artifacts/repositories/transport/RepositoryTransportFactory$DefaultResourceConnectorSpecification done
Event: 2.813 loading class org/gradle/internal/resource/transport/http/HttpClientHelper
Event: 2.813 loading class org/gradle/internal/resource/transport/http/HttpClientHelper done
Event: 2.814 loading class org/apache/http/client/methods/HttpRequestBase
Event: 2.814 loading class org/apache/http/client/methods/HttpRequestBase done
Event: 2.816 loading class java/util/zip/DataFormatException
Event: 2.816 loading class java/util/zip/DataFormatException done
Event: 2.816 loading class java/io/InterruptedIOException
Event: 2.816 loading class java/io/InterruptedIOException done
Event: 2.817 loading class java/util/concurrent/ConcurrentLinkedQueue$Itr


Dynamic libraries:
0x00007ff7f4c70000 - 0x00007ff7f4ca1000 	C:\Program Files\Android\Android Studio\jre\bin\java.exe
0x00007fff6c970000 - 0x00007fff6cb5d000 	C:\Windows\SYSTEM32\ntdll.dll
0x00007fff5e540000 - 0x00007fff5e555000 	C:\Program Files\AVAST Software\Avast\aswhook.dll
0x00007fff6bd00000 - 0x00007fff6bdb3000 	C:\Windows\System32\KERNEL32.DLL
0x00007fff68be0000 - 0x00007fff68e73000 	C:\Windows\System32\KERNELBASE.dll
0x00007fff6c4a0000 - 0x00007fff6c543000 	C:\Windows\System32\ADVAPI32.dll
0x00007fff6b460000 - 0x00007fff6b4fe000 	C:\Windows\System32\msvcrt.dll
0x00007fff69d50000 - 0x00007fff69dee000 	C:\Windows\System32\sechost.dll
0x00007fff6b500000 - 0x00007fff6b622000 	C:\Windows\System32\RPCRT4.dll
0x00007fff6bb10000 - 0x00007fff6bca7000 	C:\Windows\System32\USER32.dll
0x00007fff68e80000 - 0x00007fff68ea0000 	C:\Windows\System32\win32u.dll
0x00007fff69f40000 - 0x00007fff69f69000 	C:\Windows\System32\GDI32.dll
0x00007fff68a40000 - 0x00007fff68bda000 	C:\Windows\System32\gdi32full.dll
0x00007fff69a60000 - 0x00007fff69b00000 	C:\Windows\System32\msvcp_win.dll
0x00007fff69960000 - 0x00007fff69a5c000 	C:\Windows\System32\ucrtbase.dll
0x00007fff577f0000 - 0x00007fff57a69000 	C:\Windows\WinSxS\amd64_microsoft.windows.common-controls_6595b64144ccf1df_6.0.17763.316_none_05b53be2071f46b6\COMCTL32.dll
0x00007fff6bfe0000 - 0x00007fff6c30d000 	C:\Windows\System32\combase.dll
0x00007fff69080000 - 0x00007fff690fe000 	C:\Windows\System32\bcryptPrimitives.dll
0x00007fff6bcb0000 - 0x00007fff6bcde000 	C:\Windows\System32\IMM32.DLL
0x00000000593f0000 - 0x00000000594c2000 	C:\Program Files\Android\Android Studio\jre\jre\bin\msvcr100.dll
0x0000000056340000 - 0x0000000056b86000 	C:\Program Files\Android\Android Studio\jre\jre\bin\server\jvm.dll
0x00007fff6bcf0000 - 0x00007fff6bcf8000 	C:\Windows\System32\PSAPI.DLL
0x00007fff66ac0000 - 0x00007fff66ac9000 	C:\Windows\SYSTEM32\WSOCK32.dll
0x00007fff6c550000 - 0x00007fff6c5bd000 	C:\Windows\System32\WS2_32.dll
0x00007fff665e0000 - 0x00007fff66604000 	C:\Windows\SYSTEM32\WINMM.dll
0x00007fff5b610000 - 0x00007fff5b61a000 	C:\Windows\SYSTEM32\VERSION.dll
0x00007fff665b0000 - 0x00007fff665dd000 	C:\Windows\SYSTEM32\WINMMBASE.dll
0x00007fff69b50000 - 0x00007fff69b9a000 	C:\Windows\System32\cfgmgr32.dll
0x00007fff64f10000 - 0x00007fff64f1f000 	C:\Program Files\Android\Android Studio\jre\jre\bin\verify.dll
0x00007fff62410000 - 0x00007fff62439000 	C:\Program Files\Android\Android Studio\jre\jre\bin\java.dll
0x00007fff621b0000 - 0x00007fff621c6000 	C:\Program Files\Android\Android Studio\jre\jre\bin\zip.dll
0x00007fff69f70000 - 0x00007fff6b45f000 	C:\Windows\System32\SHELL32.dll
0x00007fff6c310000 - 0x00007fff6c3b8000 	C:\Windows\System32\shcore.dll
0x00007fff69160000 - 0x00007fff698aa000 	C:\Windows\System32\windows.storage.dll
0x00007fff68970000 - 0x00007fff68994000 	C:\Windows\System32\profapi.dll
0x00007fff689a0000 - 0x00007fff689fd000 	C:\Windows\System32\powrprof.dll
0x00007fff6c440000 - 0x00007fff6c492000 	C:\Windows\System32\shlwapi.dll
0x00007fff68a20000 - 0x00007fff68a31000 	C:\Windows\System32\kernel.appcore.dll
0x00007fff69b00000 - 0x00007fff69b17000 	C:\Windows\System32\cryptsp.dll
0x00007fff61ed0000 - 0x00007fff61eea000 	C:\Program Files\Android\Android Studio\jre\jre\bin\net.dll
0x00007fff5edc0000 - 0x00007fff5ef97000 	C:\Windows\SYSTEM32\urlmon.dll
0x00007fff5f150000 - 0x00007fff5f3f8000 	C:\Windows\SYSTEM32\iertutil.dll
0x00007fff68370000 - 0x00007fff6837c000 	C:\Windows\SYSTEM32\CRYPTBASE.DLL
0x00007fff681a0000 - 0x00007fff68207000 	C:\Windows\system32\mswsock.dll
0x00007fff61c90000 - 0x00007fff61ca3000 	C:\Program Files\Android\Android Studio\jre\jre\bin\nio.dll
0x00007fff52b40000 - 0x00007fff52b66000 	C:\Users\Alex\.gradle\native\29\windows-amd64\native-platform.dll
0x00007fff626f0000 - 0x00007fff626fd000 	C:\Program Files\Android\Android Studio\jre\jre\bin\management.dll
0x00007fff67d60000 - 0x00007fff67d93000 	C:\Windows\system32\rsaenh.dll
0x00007fff69b20000 - 0x00007fff69b46000 	C:\Windows\System32\bcrypt.dll
0x00007fff68870000 - 0x00007fff68898000 	C:\Windows\SYSTEM32\USERENV.dll
0x00007fff67f00000 - 0x00007fff67f3d000 	C:\Windows\SYSTEM32\IPHLPAPI.DLL
0x00007fff6bce0000 - 0x00007fff6bce8000 	C:\Windows\System32\NSI.dll
0x00007fff62c90000 - 0x00007fff62ca6000 	C:\Windows\SYSTEM32\dhcpcsvc6.DLL
0x00007fff62d10000 - 0x00007fff62d2c000 	C:\Windows\SYSTEM32\dhcpcsvc.DLL
0x00007fff67f40000 - 0x00007fff68006000 	C:\Windows\SYSTEM32\DNSAPI.dll

VM Arguments:
jvm_args: -Xmx1536m -Dfile.encoding=windows-1251 -Duser.country=RU -Duser.language=ru -Duser.variant 
java_command: org.gradle.launcher.daemon.bootstrap.GradleDaemon 5.4.1
java_class_path (initial): C:\Users\Alex\.gradle\wrapper\dists\gradle-5.4.1-all\3221gyojl5jsh0helicew7rwx\gradle-5.4.1\lib\gradle-launcher-5.4.1.jar
Launcher Type: SUN_STANDARD

Environment Variables:
PATH=C:\Windows\system32;C:\Windows;C:\Windows\System32\Wbem;C:\Windows\System32\WindowsPowerShell\v1.0\;C:\Windows\System32\OpenSSH\;C:\Program Files (x86)\ATI Technologies\ATI.ACE\Core-Static;C:\Users\Alex\AppData\Local\Microsoft\WindowsApps
USERNAME=Alex
OS=Windows_NT
PROCESSOR_IDENTIFIER=AMD64 Family 21 Model 19 Stepping 1, AuthenticAMD



---------------  S Y S T E M  ---------------

OS: Windows 10.0 , 64 bit Build 17763 (10.0.17763.292)

CPU:total 4 (initial active 4) (4 cores per cpu, 1 threads per core) family 21 model 19 stepping 1, cmov, cx8, fxsr, mmx, sse, sse2, sse3, ssse3, sse4.1, sse4.2, popcnt, avx, aes, clmul, mmxext, 3dnowpref, lzcnt, sse4a, tsc, tscinvbit, tscinv, bmi1

Memory: 4k page, physical 7541476k(1862632k free), swap 8360676k(5128k free)

vm_info: OpenJDK 64-Bit Server VM (25.212-b04) for windows-amd64 JRE (1.8.0_212-release-1586-b04), built by "builder" with MS VC++ 10.0 (VS2010)

time: Fri Feb 28 00:29:04 2020
timezone: Финляндия (зима)
elapsed time: 2 seconds (0d 0h 0m 2s)

